{"C:\\Users\\blue\\sistema-manutencao\\src\\components\\FilterBar\\GenericFilterBar.tsx": {"path":"C:\\Users\\blue\\sistema-manutencao\\src\\components\\FilterBar\\GenericFilterBar.tsx","statementMap":{"0":{"start":{"line":12,"column":32},"end":{"line":33,"column":1}},"1":{"start":{"line":20,"column":2},"end":{"line":32,"column":4}},"2":{"start":{"line":26,"column":25},"end":{"line":26,"column":49}}},"fnMap":{"0":{"name":"(anonymous_0)","decl":{"start":{"line":12,"column":32},"end":{"line":12,"column":33}},"loc":{"start":{"line":19,"column":29},"end":{"line":33,"column":1}},"line":19},"1":{"name":"(anonymous_1)","decl":{"start":{"line":26,"column":18},"end":{"line":26,"column":19}},"loc":{"start":{"line":26,"column":25},"end":{"line":26,"column":49}},"line":26}},"branchMap":{"0":{"loc":{"start":{"line":15,"column":2},"end":{"line":15,"column":28}},"type":"default-arg","locations":[{"start":{"line":15,"column":16},"end":{"line":15,"column":28}}],"line":15},"1":{"loc":{"start":{"line":18,"column":2},"end":{"line":18,"column":31}},"type":"default-arg","locations":[{"start":{"line":18,"column":14},"end":{"line":18,"column":31}}],"line":18}},"s":{"0":3,"1":4,"2":0},"f":{"0":4,"1":0},"b":{"0":[0],"1":[4]},"_coverageSchema":"1a1c01bbd47fc00a2c39e90264f33305004495a9","hash":"30ce812a014adad24999048159e129b24174d434"}
,"C:\\Users\\blue\\sistema-manutencao\\src\\components\\Layout\\Sidebar.tsx": {"path":"C:\\Users\\blue\\sistema-manutencao\\src\\components\\Layout\\Sidebar.tsx","statementMap":{"0":{"start":{"line":10,"column":35},"end":{"line":10,"column":47}},"1":{"start":{"line":11,"column":19},"end":{"line":11,"column":28}},"2":{"start":{"line":12,"column":21},"end":{"line":12,"column":46}},"3":{"start":{"line":14,"column":15},"end":{"line":14,"column":41}},"4":{"start":{"line":15,"column":16},"end":{"line":15,"column":49}},"5":{"start":{"line":17,"column":2},"end":{"line":17,"column":52}},"6":{"start":{"line":19,"column":2},"end":{"line":43,"column":4}},"7":{"start":{"line":29,"column":10},"end":{"line":39,"column":15}}},"fnMap":{"0":{"name":"Sidebar","decl":{"start":{"line":9,"column":24},"end":{"line":9,"column":31}},"loc":{"start":{"line":9,"column":34},"end":{"line":44,"column":1}},"line":9},"1":{"name":"(anonymous_1)","decl":{"start":{"line":28,"column":19},"end":{"line":28,"column":20}},"loc":{"start":{"line":29,"column":10},"end":{"line":39,"column":15}},"line":29}},"branchMap":{"0":{"loc":{"start":{"line":14,"column":15},"end":{"line":14,"column":41}},"type":"binary-expr","locations":[{"start":{"line":14,"column":15},"end":{"line":14,"column":25}},{"start":{"line":14,"column":29},"end":{"line":14,"column":41}}],"line":14},"1":{"loc":{"start":{"line":15,"column":16},"end":{"line":15,"column":49}},"type":"binary-expr","locations":[{"start":{"line":15,"column":16},"end":{"line":15,"column":43}},{"start":{"line":15,"column":47},"end":{"line":15,"column":49}}],"line":15},"2":{"loc":{"start":{"line":22,"column":38},"end":{"line":22,"column":63}},"type":"cond-expr","locations":[{"start":{"line":22,"column":47},"end":{"line":22,"column":58}},{"start":{"line":22,"column":61},"end":{"line":22,"column":63}}],"line":22},"3":{"loc":{"start":{"line":33,"column":24},"end":{"line":33,"column":39}},"type":"cond-expr","locations":[{"start":{"line":33,"column":33},"end":{"line":33,"column":34}},{"start":{"line":33,"column":37},"end":{"line":33,"column":39}}],"line":33}},"s":{"0":2,"1":2,"2":2,"3":2,"4":2,"5":2,"6":2,"7":4},"f":{"0":2,"1":4},"b":{"0":[2,0],"1":[2,0],"2":[2,0],"3":[4,0]},"_coverageSchema":"1a1c01bbd47fc00a2c39e90264f33305004495a9","hash":"0e2a6bcd43b2a7cadc7180eee98af1e6752acab8"}
,"C:\\Users\\blue\\sistema-manutencao\\src\\components\\Pagination\\Pagination.tsx": {"path":"C:\\Users\\blue\\sistema-manutencao\\src\\components\\Pagination\\Pagination.tsx","statementMap":{"0":{"start":{"line":10,"column":19},"end":{"line":59,"column":1}},"1":{"start":{"line":16,"column":21},"end":{"line":16,"column":57}},"2":{"start":{"line":17,"column":22},"end":{"line":17,"column":73}},"3":{"start":{"line":17,"column":67},"end":{"line":17,"column":72}},"4":{"start":{"line":19,"column":29},"end":{"line":21,"column":3}},"5":{"start":{"line":20,"column":4},"end":{"line":20,"column":51}},"6":{"start":{"line":20,"column":25},"end":{"line":20,"column":51}},"7":{"start":{"line":23,"column":25},"end":{"line":25,"column":3}},"8":{"start":{"line":24,"column":4},"end":{"line":24,"column":60}},"9":{"start":{"line":24,"column":34},"end":{"line":24,"column":60}},"10":{"start":{"line":27,"column":2},"end":{"line":58,"column":4}},"11":{"start":{"line":40,"column":8},"end":{"line":48,"column":17}},"12":{"start":{"line":42,"column":25},"end":{"line":42,"column":41}}},"fnMap":{"0":{"name":"(anonymous_0)","decl":{"start":{"line":10,"column":19},"end":{"line":10,"column":20}},"loc":{"start":{"line":15,"column":23},"end":{"line":59,"column":1}},"line":15},"1":{"name":"(anonymous_1)","decl":{"start":{"line":17,"column":57},"end":{"line":17,"column":58}},"loc":{"start":{"line":17,"column":67},"end":{"line":17,"column":72}},"line":17},"2":{"name":"(anonymous_2)","decl":{"start":{"line":19,"column":29},"end":{"line":19,"column":30}},"loc":{"start":{"line":19,"column":35},"end":{"line":21,"column":3}},"line":19},"3":{"name":"(anonymous_3)","decl":{"start":{"line":23,"column":25},"end":{"line":23,"column":26}},"loc":{"start":{"line":23,"column":31},"end":{"line":25,"column":3}},"line":23},"4":{"name":"(anonymous_4)","decl":{"start":{"line":39,"column":23},"end":{"line":39,"column":24}},"loc":{"start":{"line":40,"column":8},"end":{"line":48,"column":17}},"line":40},"5":{"name":"(anonymous_5)","decl":{"start":{"line":42,"column":19},"end":{"line":42,"column":20}},"loc":{"start":{"line":42,"column":25},"end":{"line":42,"column":41}},"line":42}},"branchMap":{"0":{"loc":{"start":{"line":20,"column":4},"end":{"line":20,"column":51}},"type":"if","locations":[{"start":{"line":20,"column":4},"end":{"line":20,"column":51}},{"start":{},"end":{}}],"line":20},"1":{"loc":{"start":{"line":24,"column":4},"end":{"line":24,"column":60}},"type":"if","locations":[{"start":{"line":24,"column":4},"end":{"line":24,"column":60}},{"start":{},"end":{}}],"line":24},"2":{"loc":{"start":{"line":43,"column":21},"end":{"line":43,"column":64}},"type":"cond-expr","locations":[{"start":{"line":43,"column":46},"end":{"line":43,"column":59}},{"start":{"line":43,"column":62},"end":{"line":43,"column":64}}],"line":43},"3":{"loc":{"start":{"line":44,"column":24},"end":{"line":44,"column":67}},"type":"cond-expr","locations":[{"start":{"line":44,"column":49},"end":{"line":44,"column":55}},{"start":{"line":44,"column":58},"end":{"line":44,"column":67}}],"line":44}},"s":{"0":4,"1":4,"2":4,"3":1,"4":4,"5":0,"6":0,"7":4,"8":0,"9":0,"10":4,"11":1,"12":0},"f":{"0":4,"1":1,"2":0,"3":0,"4":1,"5":0},"b":{"0":[0,0],"1":[0,0],"2":[1,0],"3":[1,0]},"_coverageSchema":"1a1c01bbd47fc00a2c39e90264f33305004495a9","hash":"733b8f2b6fd6c8070eba4e6d65510224fe322cd2"}
,"C:\\Users\\blue\\sistema-manutencao\\src\\components\\Spinner\\Spinner.tsx": {"path":"C:\\Users\\blue\\sistema-manutencao\\src\\components\\Spinner\\Spinner.tsx","statementMap":{"0":{"start":{"line":9,"column":40},"end":{"line":38,"column":1}},"1":{"start":{"line":13,"column":2},"end":{"line":37,"column":4}}},"fnMap":{"0":{"name":"(anonymous_0)","decl":{"start":{"line":9,"column":40},"end":{"line":9,"column":41}},"loc":{"start":{"line":12,"column":6},"end":{"line":38,"column":1}},"line":12}},"branchMap":{"0":{"loc":{"start":{"line":10,"column":2},"end":{"line":10,"column":11}},"type":"default-arg","locations":[{"start":{"line":10,"column":9},"end":{"line":10,"column":11}}],"line":10},"1":{"loc":{"start":{"line":11,"column":2},"end":{"line":11,"column":26}},"type":"default-arg","locations":[{"start":{"line":11,"column":14},"end":{"line":11,"column":26}}],"line":11}},"s":{"0":1,"1":3},"f":{"0":3},"b":{"0":[0],"1":[0]},"_coverageSchema":"1a1c01bbd47fc00a2c39e90264f33305004495a9","hash":"84e8ad49b8a23a9d3a7e97cd26b9e1925f1c272b"}
,"C:\\Users\\blue\\sistema-manutencao\\src\\features\\auth\\api\\loginRequest.ts": {"path":"C:\\Users\\blue\\sistema-manutencao\\src\\features\\auth\\api\\loginRequest.ts","statementMap":{"0":{"start":{"line":17,"column":19},"end":{"line":19,"column":4}},"1":{"start":{"line":21,"column":2},"end":{"line":21,"column":66}},"2":{"start":{"line":21,"column":25},"end":{"line":21,"column":66}},"3":{"start":{"line":23,"column":50},"end":{"line":23,"column":57}},"4":{"start":{"line":24,"column":2},"end":{"line":24,"column":29}}},"fnMap":{"0":{"name":"loginRequest","decl":{"start":{"line":13,"column":22},"end":{"line":13,"column":34}},"loc":{"start":{"line":16,"column":30},"end":{"line":25,"column":1}},"line":16}},"branchMap":{"0":{"loc":{"start":{"line":21,"column":2},"end":{"line":21,"column":66}},"type":"if","locations":[{"start":{"line":21,"column":2},"end":{"line":21,"column":66}},{"start":{},"end":{}}],"line":21}},"s":{"0":0,"1":0,"2":0,"3":0,"4":0},"f":{"0":0},"b":{"0":[0,0]},"_coverageSchema":"1a1c01bbd47fc00a2c39e90264f33305004495a9","hash":"65973b94fdc4ae79488fcf0076beadc232750743"}
,"C:\\Users\\blue\\sistema-manutencao\\src\\features\\auth\\components\\LoginForm.tsx": {"path":"C:\\Users\\blue\\sistema-manutencao\\src\\features\\auth\\components\\LoginForm.tsx","statementMap":{"0":{"start":{"line":15,"column":6},"end":{"line":15,"column":16}},"1":{"start":{"line":17,"column":2},"end":{"line":63,"column":4}},"2":{"start":{"line":27,"column":10},"end":{"line":27,"column":35}},"3":{"start":{"line":28,"column":10},"end":{"line":28,"column":34}},"4":{"start":{"line":28,"column":21},"end":{"line":28,"column":34}},"5":{"start":{"line":40,"column":10},"end":{"line":40,"column":38}},"6":{"start":{"line":41,"column":10},"end":{"line":41,"column":34}},"7":{"start":{"line":41,"column":21},"end":{"line":41,"column":34}}},"fnMap":{"0":{"name":"LoginForm","decl":{"start":{"line":5,"column":16},"end":{"line":5,"column":25}},"loc":{"start":{"line":5,"column":28},"end":{"line":64,"column":1}},"line":5},"1":{"name":"(anonymous_1)","decl":{"start":{"line":26,"column":18},"end":{"line":26,"column":19}},"loc":{"start":{"line":26,"column":25},"end":{"line":29,"column":9}},"line":26},"2":{"name":"(anonymous_2)","decl":{"start":{"line":39,"column":18},"end":{"line":39,"column":19}},"loc":{"start":{"line":39,"column":25},"end":{"line":42,"column":9}},"line":39}},"branchMap":{"0":{"loc":{"start":{"line":20,"column":7},"end":{"line":20,"column":55}},"type":"binary-expr","locations":[{"start":{"line":20,"column":7},"end":{"line":20,"column":12}},{"start":{"line":20,"column":16},"end":{"line":20,"column":55}}],"line":20},"1":{"loc":{"start":{"line":28,"column":10},"end":{"line":28,"column":34}},"type":"if","locations":[{"start":{"line":28,"column":10},"end":{"line":28,"column":34}},{"start":{},"end":{}}],"line":28},"2":{"loc":{"start":{"line":41,"column":10},"end":{"line":41,"column":34}},"type":"if","locations":[{"start":{"line":41,"column":10},"end":{"line":41,"column":34}},{"start":{},"end":{}}],"line":41},"3":{"loc":{"start":{"line":54,"column":9},"end":{"line":60,"column":9}},"type":"cond-expr","locations":[{"start":{"line":55,"column":10},"end":{"line":57,"column":13}},{"start":{"line":59,"column":10},"end":{"line":59,"column":18}}],"line":54}},"s":{"0":53,"1":53,"2":31,"3":31,"4":0,"5":15,"6":15,"7":0},"f":{"0":53,"1":31,"2":15},"b":{"0":[53,1],"1":[0,31],"2":[0,15],"3":[3,50]},"_coverageSchema":"1a1c01bbd47fc00a2c39e90264f33305004495a9","hash":"78079f8817a0105604276f70701c574ae85bc797"}
,"C:\\Users\\blue\\sistema-manutencao\\src\\features\\auth\\hooks\\useLogin.ts": {"path":"C:\\Users\\blue\\sistema-manutencao\\src\\features\\auth\\hooks\\useLogin.ts","statementMap":{"0":{"start":{"line":7,"column":20},"end":{"line":7,"column":29}},"1":{"start":{"line":8,"column":28},"end":{"line":8,"column":40}},"2":{"start":{"line":9,"column":34},"end":{"line":9,"column":46}},"3":{"start":{"line":10,"column":28},"end":{"line":10,"column":40}},"4":{"start":{"line":11,"column":32},"end":{"line":11,"column":47}},"5":{"start":{"line":13,"column":23},"end":{"line":29,"column":3}},"6":{"start":{"line":14,"column":4},"end":{"line":14,"column":23}},"7":{"start":{"line":15,"column":4},"end":{"line":15,"column":17}},"8":{"start":{"line":16,"column":4},"end":{"line":16,"column":21}},"9":{"start":{"line":18,"column":4},"end":{"line":28,"column":5}},"10":{"start":{"line":19,"column":19},"end":{"line":19,"column":58}},"11":{"start":{"line":20,"column":6},"end":{"line":20,"column":18}},"12":{"start":{"line":21,"column":6},"end":{"line":21,"column":52}},"13":{"start":{"line":23,"column":22},"end":{"line":23,"column":76}},"14":{"start":{"line":24,"column":6},"end":{"line":24,"column":24}},"15":{"start":{"line":25,"column":6},"end":{"line":25,"column":27}},"16":{"start":{"line":27,"column":6},"end":{"line":27,"column":24}},"17":{"start":{"line":31,"column":2},"end":{"line":40,"column":4}}},"fnMap":{"0":{"name":"useLogin","decl":{"start":{"line":6,"column":16},"end":{"line":6,"column":24}},"loc":{"start":{"line":6,"column":27},"end":{"line":41,"column":1}},"line":6},"1":{"name":"(anonymous_1)","decl":{"start":{"line":13,"column":23},"end":{"line":13,"column":24}},"loc":{"start":{"line":13,"column":53},"end":{"line":29,"column":3}},"line":13}},"branchMap":{},"s":{"0":53,"1":53,"2":53,"3":53,"4":53,"5":53,"6":2,"7":2,"8":2,"9":2,"10":2,"11":1,"12":1,"13":1,"14":1,"15":1,"16":2,"17":53},"f":{"0":53,"1":2},"b":{},"_coverageSchema":"1a1c01bbd47fc00a2c39e90264f33305004495a9","hash":"86f2227de128d77e5df981890f253572b2753508"}
,"C:\\Users\\blue\\sistema-manutencao\\src\\features\\called\\components\\MaintenanceList.tsx": {"path":"C:\\Users\\blue\\sistema-manutencao\\src\\features\\called\\components\\MaintenanceList.tsx","statementMap":{"0":{"start":{"line":13,"column":31},"end":{"line":166,"column":1}},"1":{"start":{"line":14,"column":15},"end":{"line":14,"column":50}},"2":{"start":{"line":14,"column":39},"end":{"line":14,"column":49}},"3":{"start":{"line":15,"column":21},"end":{"line":15,"column":48}},"4":{"start":{"line":17,"column":37},"end":{"line":17,"column":53}},"5":{"start":{"line":22,"column":6},"end":{"line":22,"column":27}},"6":{"start":{"line":24,"column":51},"end":{"line":24,"column":71}},"7":{"start":{"line":25,"column":28},"end":{"line":25,"column":50}},"8":{"start":{"line":27,"column":48},"end":{"line":27,"column":74}},"9":{"start":{"line":28,"column":40},"end":{"line":28,"column":55}},"10":{"start":{"line":31,"column":4},"end":{"line":31,"column":69}},"11":{"start":{"line":33,"column":27},"end":{"line":39,"column":4}},"12":{"start":{"line":34,"column":4},"end":{"line":38,"column":6}},"13":{"start":{"line":41,"column":20},"end":{"line":44,"column":3}},"14":{"start":{"line":42,"column":4},"end":{"line":42,"column":32}},"15":{"start":{"line":43,"column":4},"end":{"line":43,"column":25}},"16":{"start":{"line":46,"column":21},"end":{"line":49,"column":3}},"17":{"start":{"line":47,"column":4},"end":{"line":47,"column":26}},"18":{"start":{"line":48,"column":4},"end":{"line":48,"column":29}},"19":{"start":{"line":51,"column":21},"end":{"line":61,"column":3}},"20":{"start":{"line":52,"column":4},"end":{"line":60,"column":7}},"21":{"start":{"line":54,"column":8},"end":{"line":54,"column":57}},"22":{"start":{"line":55,"column":8},"end":{"line":55,"column":21}},"23":{"start":{"line":58,"column":8},"end":{"line":58,"column":52}},"24":{"start":{"line":63,"column":28},"end":{"line":67,"column":3}},"25":{"start":{"line":64,"column":4},"end":{"line":64,"column":36}},"26":{"start":{"line":64,"column":13},"end":{"line":64,"column":36}},"27":{"start":{"line":65,"column":17},"end":{"line":65,"column":53}},"28":{"start":{"line":65,"column":41},"end":{"line":65,"column":52}},"29":{"start":{"line":66,"column":4},"end":{"line":66,"column":49}},"30":{"start":{"line":69,"column":2},"end":{"line":79,"column":3}},"31":{"start":{"line":70,"column":4},"end":{"line":78,"column":6}},"32":{"start":{"line":74,"column":12},"end":{"line":74,"column":36}},"33":{"start":{"line":81,"column":2},"end":{"line":165,"column":4}},"34":{"start":{"line":88,"column":12},"end":{"line":152,"column":17}},"35":{"start":{"line":106,"column":16},"end":{"line":106,"column":49}},"36":{"start":{"line":106,"column":33},"end":{"line":106,"column":49}},"37":{"start":{"line":111,"column":16},"end":{"line":113,"column":17}},"38":{"start":{"line":112,"column":18},"end":{"line":112,"column":34}}},"fnMap":{"0":{"name":"(anonymous_0)","decl":{"start":{"line":13,"column":31},"end":{"line":13,"column":32}},"loc":{"start":{"line":13,"column":37},"end":{"line":166,"column":1}},"line":13},"1":{"name":"(anonymous_1)","decl":{"start":{"line":14,"column":28},"end":{"line":14,"column":29}},"loc":{"start":{"line":14,"column":39},"end":{"line":14,"column":49}},"line":14},"2":{"name":"(anonymous_2)","decl":{"start":{"line":33,"column":55},"end":{"line":33,"column":56}},"loc":{"start":{"line":33,"column":65},"end":{"line":39,"column":3}},"line":33},"3":{"name":"(anonymous_3)","decl":{"start":{"line":41,"column":20},"end":{"line":41,"column":21}},"loc":{"start":{"line":41,"column":38},"end":{"line":44,"column":3}},"line":41},"4":{"name":"(anonymous_4)","decl":{"start":{"line":46,"column":21},"end":{"line":46,"column":22}},"loc":{"start":{"line":46,"column":27},"end":{"line":49,"column":3}},"line":46},"5":{"name":"(anonymous_5)","decl":{"start":{"line":51,"column":21},"end":{"line":51,"column":22}},"loc":{"start":{"line":51,"column":46},"end":{"line":61,"column":3}},"line":51},"6":{"name":"(anonymous_6)","decl":{"start":{"line":53,"column":17},"end":{"line":53,"column":18}},"loc":{"start":{"line":53,"column":23},"end":{"line":56,"column":7}},"line":53},"7":{"name":"(anonymous_7)","decl":{"start":{"line":57,"column":15},"end":{"line":57,"column":16}},"loc":{"start":{"line":57,"column":21},"end":{"line":59,"column":7}},"line":57},"8":{"name":"(anonymous_8)","decl":{"start":{"line":63,"column":28},"end":{"line":63,"column":29}},"loc":{"start":{"line":63,"column":63},"end":{"line":67,"column":3}},"line":63},"9":{"name":"(anonymous_9)","decl":{"start":{"line":65,"column":34},"end":{"line":65,"column":35}},"loc":{"start":{"line":65,"column":41},"end":{"line":65,"column":52}},"line":65},"10":{"name":"(anonymous_10)","decl":{"start":{"line":73,"column":41},"end":{"line":73,"column":42}},"loc":{"start":{"line":74,"column":12},"end":{"line":74,"column":36}},"line":74},"11":{"name":"(anonymous_11)","decl":{"start":{"line":87,"column":33},"end":{"line":87,"column":34}},"loc":{"start":{"line":88,"column":12},"end":{"line":152,"column":17}},"line":88},"12":{"name":"(anonymous_12)","decl":{"start":{"line":105,"column":23},"end":{"line":105,"column":24}},"loc":{"start":{"line":105,"column":29},"end":{"line":107,"column":15}},"line":105},"13":{"name":"(anonymous_13)","decl":{"start":{"line":110,"column":25},"end":{"line":110,"column":26}},"loc":{"start":{"line":110,"column":32},"end":{"line":114,"column":15}},"line":110}},"branchMap":{"0":{"loc":{"start":{"line":17,"column":16},"end":{"line":17,"column":32}},"type":"default-arg","locations":[{"start":{"line":17,"column":30},"end":{"line":17,"column":32}}],"line":17},"1":{"loc":{"start":{"line":31,"column":4},"end":{"line":31,"column":69}},"type":"cond-expr","locations":[{"start":{"line":31,"column":34},"end":{"line":31,"column":41}},{"start":{"line":31,"column":44},"end":{"line":31,"column":69}}],"line":31},"2":{"loc":{"start":{"line":35,"column":6},"end":{"line":37,"column":73}},"type":"binary-expr","locations":[{"start":{"line":35,"column":7},"end":{"line":35,"column":18}},{"start":{"line":35,"column":22},"end":{"line":35,"column":46}},{"start":{"line":36,"column":7},"end":{"line":36,"column":20}},{"start":{"line":36,"column":24},"end":{"line":36,"column":52}},{"start":{"line":37,"column":7},"end":{"line":37,"column":32}},{"start":{"line":37,"column":36},"end":{"line":37,"column":72}}],"line":35},"3":{"loc":{"start":{"line":64,"column":4},"end":{"line":64,"column":36}},"type":"if","locations":[{"start":{"line":64,"column":4},"end":{"line":64,"column":36}},{"start":{},"end":{}}],"line":64},"4":{"loc":{"start":{"line":66,"column":11},"end":{"line":66,"column":48}},"type":"cond-expr","locations":[{"start":{"line":66,"column":18},"end":{"line":66,"column":31}},{"start":{"line":66,"column":34},"end":{"line":66,"column":48}}],"line":66},"5":{"loc":{"start":{"line":69,"column":2},"end":{"line":79,"column":3}},"type":"if","locations":[{"start":{"line":69,"column":2},"end":{"line":79,"column":3}},{"start":{},"end":{}}],"line":69},"6":{"loc":{"start":{"line":83,"column":7},"end":{"line":155,"column":7}},"type":"cond-expr","locations":[{"start":{"line":84,"column":8},"end":{"line":84,"column":63}},{"start":{"line":86,"column":8},"end":{"line":154,"column":13}}],"line":83},"7":{"loc":{"start":{"line":93,"column":18},"end":{"line":95,"column":39}},"type":"cond-expr","locations":[{"start":{"line":94,"column":22},"end":{"line":94,"column":39}},{"start":{"line":95,"column":22},"end":{"line":95,"column":39}}],"line":93},"8":{"loc":{"start":{"line":98,"column":18},"end":{"line":102,"column":44}},"type":"cond-expr","locations":[{"start":{"line":99,"column":22},"end":{"line":99,"column":39}},{"start":{"line":100,"column":22},"end":{"line":102,"column":44}}],"line":98},"9":{"loc":{"start":{"line":100,"column":22},"end":{"line":102,"column":44}},"type":"cond-expr","locations":[{"start":{"line":101,"column":22},"end":{"line":101,"column":45}},{"start":{"line":102,"column":22},"end":{"line":102,"column":44}}],"line":100},"10":{"loc":{"start":{"line":106,"column":16},"end":{"line":106,"column":49}},"type":"if","locations":[{"start":{"line":106,"column":16},"end":{"line":106,"column":49}},{"start":{},"end":{}}],"line":106},"11":{"loc":{"start":{"line":108,"column":20},"end":{"line":108,"column":53}},"type":"cond-expr","locations":[{"start":{"line":108,"column":33},"end":{"line":108,"column":42}},{"start":{"line":108,"column":45},"end":{"line":108,"column":53}}],"line":108},"12":{"loc":{"start":{"line":109,"column":24},"end":{"line":109,"column":43}},"type":"cond-expr","locations":[{"start":{"line":109,"column":37},"end":{"line":109,"column":39}},{"start":{"line":109,"column":42},"end":{"line":109,"column":43}}],"line":109},"13":{"loc":{"start":{"line":111,"column":16},"end":{"line":113,"column":17}},"type":"if","locations":[{"start":{"line":111,"column":16},"end":{"line":113,"column":17}},{"start":{},"end":{}}],"line":111},"14":{"loc":{"start":{"line":111,"column":20},"end":{"line":111,"column":71}},"type":"binary-expr","locations":[{"start":{"line":111,"column":20},"end":{"line":111,"column":31}},{"start":{"line":111,"column":36},"end":{"line":111,"column":53}},{"start":{"line":111,"column":57},"end":{"line":111,"column":70}}],"line":111},"15":{"loc":{"start":{"line":120,"column":20},"end":{"line":124,"column":40}},"type":"cond-expr","locations":[{"start":{"line":121,"column":24},"end":{"line":121,"column":35}},{"start":{"line":122,"column":24},"end":{"line":124,"column":40}}],"line":120},"16":{"loc":{"start":{"line":122,"column":24},"end":{"line":124,"column":40}},"type":"cond-expr","locations":[{"start":{"line":123,"column":24},"end":{"line":123,"column":41}},{"start":{"line":124,"column":24},"end":{"line":124,"column":40}}],"line":122},"17":{"loc":{"start":{"line":127,"column":19},"end":{"line":131,"column":33}},"type":"cond-expr","locations":[{"start":{"line":128,"column":22},"end":{"line":128,"column":30}},{"start":{"line":129,"column":22},"end":{"line":131,"column":33}}],"line":127},"18":{"loc":{"start":{"line":129,"column":22},"end":{"line":131,"column":33}},"type":"cond-expr","locations":[{"start":{"line":130,"column":22},"end":{"line":130,"column":36}},{"start":{"line":131,"column":22},"end":{"line":131,"column":33}}],"line":129},"19":{"loc":{"start":{"line":136,"column":25},"end":{"line":136,"column":68}},"type":"cond-expr","locations":[{"start":{"line":136,"column":52},"end":{"line":136,"column":58}},{"start":{"line":136,"column":61},"end":{"line":136,"column":68}}],"line":136},"20":{"loc":{"start":{"line":139,"column":23},"end":{"line":139,"column":78}},"type":"cond-expr","locations":[{"start":{"line":139,"column":52},"end":{"line":139,"column":63}},{"start":{"line":139,"column":66},"end":{"line":139,"column":78}}],"line":139},"21":{"loc":{"start":{"line":144,"column":15},"end":{"line":151,"column":15}},"type":"binary-expr","locations":[{"start":{"line":144,"column":15},"end":{"line":144,"column":42}},{"start":{"line":144,"column":46},"end":{"line":144,"column":65}},{"start":{"line":145,"column":16},"end":{"line":150,"column":20}}],"line":144},"22":{"loc":{"start":{"line":157,"column":7},"end":{"line":163,"column":7}},"type":"binary-expr","locations":[{"start":{"line":157,"column":7},"end":{"line":157,"column":18}},{"start":{"line":157,"column":22},"end":{"line":157,"column":33}},{"start":{"line":157,"column":37},"end":{"line":157,"column":52}},{"start":{"line":158,"column":8},"end":{"line":162,"column":10}}],"line":157}},"s":{"0":1,"1":3,"2":9,"3":3,"4":3,"5":3,"6":3,"7":3,"8":3,"9":3,"10":3,"11":3,"12":3,"13":3,"14":0,"15":0,"16":3,"17":0,"18":0,"19":3,"20":0,"21":0,"22":0,"23":0,"24":3,"25":3,"26":0,"27":3,"28":4,"29":3,"30":3,"31":1,"32":5,"33":2,"34":3,"35":0,"36":0,"37":0,"38":0},"f":{"0":3,"1":9,"2":3,"3":0,"4":0,"5":0,"6":0,"7":0,"8":3,"9":4,"10":5,"11":3,"12":0,"13":0},"b":{"0":[0],"1":[0,3],"2":[3,0,3,0,3,0],"3":[0,3],"4":[3,0],"5":[1,2],"6":[1,1],"7":[0,3],"8":[1,2],"9":[1,1],"10":[0,0],"11":[0,3],"12":[0,3],"13":[0,0],"14":[0,0,0],"15":[1,2],"16":[1,1],"17":[1,2],"18":[1,1],"19":[0,3],"20":[0,3],"21":[3,1,0],"22":[2,2,0,0]},"_coverageSchema":"1a1c01bbd47fc00a2c39e90264f33305004495a9","hash":"6eb7731f13aeb707db31f9961c960480e2f5a304"}
,"C:\\Users\\blue\\sistema-manutencao\\src\\features\\called\\components\\MaintenanceAgentEditModal\\MaintenanceAgentEditModal.tsx": {"path":"C:\\Users\\blue\\sistema-manutencao\\src\\features\\called\\components\\MaintenanceAgentEditModal\\MaintenanceAgentEditModal.tsx","statementMap":{"0":{"start":{"line":30,"column":6},"end":{"line":30,"column":41}},"1":{"start":{"line":32,"column":21},"end":{"line":42,"column":3}},"2":{"start":{"line":33,"column":4},"end":{"line":33,"column":28}},"3":{"start":{"line":33,"column":21},"end":{"line":33,"column":28}},"4":{"start":{"line":35,"column":4},"end":{"line":41,"column":7}},"5":{"start":{"line":44,"column":2},"end":{"line":155,"column":4}},"6":{"start":{"line":68,"column":29},"end":{"line":68,"column":61}},"7":{"start":{"line":82,"column":33},"end":{"line":82,"column":66}},"8":{"start":{"line":92,"column":33},"end":{"line":92,"column":67}},"9":{"start":{"line":100,"column":16},"end":{"line":128,"column":22}},"10":{"start":{"line":105,"column":37},"end":{"line":105,"column":70}},"11":{"start":{"line":114,"column":22},"end":{"line":114,"column":67}},"12":{"start":{"line":122,"column":37},"end":{"line":122,"column":50}}},"fnMap":{"0":{"name":"MaintenanceAgentEditModal","decl":{"start":{"line":11,"column":16},"end":{"line":11,"column":41}},"loc":{"start":{"line":15,"column":10},"end":{"line":156,"column":1}},"line":15},"1":{"name":"(anonymous_1)","decl":{"start":{"line":32,"column":21},"end":{"line":32,"column":22}},"loc":{"start":{"line":32,"column":27},"end":{"line":42,"column":3}},"line":32},"2":{"name":"(anonymous_2)","decl":{"start":{"line":68,"column":22},"end":{"line":68,"column":23}},"loc":{"start":{"line":68,"column":29},"end":{"line":68,"column":61}},"line":68},"3":{"name":"(anonymous_3)","decl":{"start":{"line":82,"column":26},"end":{"line":82,"column":27}},"loc":{"start":{"line":82,"column":33},"end":{"line":82,"column":66}},"line":82},"4":{"name":"(anonymous_4)","decl":{"start":{"line":92,"column":26},"end":{"line":92,"column":27}},"loc":{"start":{"line":92,"column":33},"end":{"line":92,"column":67}},"line":92},"5":{"name":"(anonymous_5)","decl":{"start":{"line":99,"column":29},"end":{"line":99,"column":30}},"loc":{"start":{"line":100,"column":16},"end":{"line":128,"column":22}},"line":100},"6":{"name":"(anonymous_6)","decl":{"start":{"line":105,"column":30},"end":{"line":105,"column":31}},"loc":{"start":{"line":105,"column":37},"end":{"line":105,"column":70}},"line":105},"7":{"name":"(anonymous_7)","decl":{"start":{"line":113,"column":30},"end":{"line":113,"column":31}},"loc":{"start":{"line":114,"column":22},"end":{"line":114,"column":67}},"line":114},"8":{"name":"(anonymous_8)","decl":{"start":{"line":122,"column":31},"end":{"line":122,"column":32}},"loc":{"start":{"line":122,"column":37},"end":{"line":122,"column":50}},"line":122}},"branchMap":{"0":{"loc":{"start":{"line":33,"column":4},"end":{"line":33,"column":28}},"type":"if","locations":[{"start":{"line":33,"column":4},"end":{"line":33,"column":28}},{"start":{},"end":{}}],"line":33},"1":{"loc":{"start":{"line":38,"column":22},"end":{"line":38,"column":68}},"type":"cond-expr","locations":[{"start":{"line":38,"column":47},"end":{"line":38,"column":61}},{"start":{"line":38,"column":64},"end":{"line":38,"column":68}}],"line":38},"2":{"loc":{"start":{"line":39,"column":23},"end":{"line":39,"column":70}},"type":"cond-expr","locations":[{"start":{"line":39,"column":48},"end":{"line":39,"column":63}},{"start":{"line":39,"column":66},"end":{"line":39,"column":70}}],"line":39},"3":{"loc":{"start":{"line":40,"column":17},"end":{"line":40,"column":56}},"type":"cond-expr","locations":[{"start":{"line":40,"column":42},"end":{"line":40,"column":51}},{"start":{"line":40,"column":54},"end":{"line":40,"column":56}}],"line":40},"4":{"loc":{"start":{"line":75,"column":11},"end":{"line":142,"column":11}},"type":"binary-expr","locations":[{"start":{"line":75,"column":11},"end":{"line":75,"column":33}},{"start":{"line":76,"column":12},"end":{"line":141,"column":15}}],"line":75},"5":{"loc":{"start":{"line":81,"column":23},"end":{"line":81,"column":43}},"type":"binary-expr","locations":[{"start":{"line":81,"column":23},"end":{"line":81,"column":37}},{"start":{"line":81,"column":41},"end":{"line":81,"column":43}}],"line":81},"6":{"loc":{"start":{"line":84,"column":15},"end":{"line":86,"column":15}},"type":"binary-expr","locations":[{"start":{"line":84,"column":15},"end":{"line":84,"column":36}},{"start":{"line":85,"column":16},"end":{"line":85,"column":77}}],"line":84},"7":{"loc":{"start":{"line":94,"column":15},"end":{"line":96,"column":15}},"type":"binary-expr","locations":[{"start":{"line":94,"column":15},"end":{"line":94,"column":37}},{"start":{"line":95,"column":16},"end":{"line":95,"column":78}}],"line":94},"8":{"loc":{"start":{"line":118,"column":19},"end":{"line":127,"column":19}},"type":"binary-expr","locations":[{"start":{"line":118,"column":19},"end":{"line":118,"column":39}},{"start":{"line":119,"column":20},"end":{"line":126,"column":29}}],"line":118},"9":{"loc":{"start":{"line":130,"column":15},"end":{"line":132,"column":15}},"type":"binary-expr","locations":[{"start":{"line":130,"column":15},"end":{"line":130,"column":27}},{"start":{"line":131,"column":16},"end":{"line":131,"column":68}}],"line":130}},"s":{"0":0,"1":0,"2":0,"3":0,"4":0,"5":0,"6":0,"7":0,"8":0,"9":0,"10":0,"11":0,"12":0},"f":{"0":0,"1":0,"2":0,"3":0,"4":0,"5":0,"6":0,"7":0,"8":0},"b":{"0":[0,0],"1":[0,0],"2":[0,0],"3":[0,0],"4":[0,0],"5":[0,0],"6":[0,0],"7":[0,0],"8":[0,0],"9":[0,0]},"_coverageSchema":"1a1c01bbd47fc00a2c39e90264f33305004495a9","hash":"40df5d549181cd49fcb53cb8f8a4844a27ee2ca9"}
,"C:\\Users\\blue\\sistema-manutencao\\src\\features\\called\\components\\Skeleton\\SkeletonItem.tsx": {"path":"C:\\Users\\blue\\sistema-manutencao\\src\\features\\called\\components\\Skeleton\\SkeletonItem.tsx","statementMap":{"0":{"start":{"line":3,"column":28},"end":{"line":14,"column":1}},"1":{"start":{"line":4,"column":2},"end":{"line":13,"column":4}}},"fnMap":{"0":{"name":"(anonymous_0)","decl":{"start":{"line":3,"column":28},"end":{"line":3,"column":29}},"loc":{"start":{"line":3,"column":34},"end":{"line":14,"column":1}},"line":3}},"branchMap":{},"s":{"0":1,"1":5},"f":{"0":5},"b":{},"_coverageSchema":"1a1c01bbd47fc00a2c39e90264f33305004495a9","hash":"185e2b97f0349fbb1db38bdf6c92e7279f747398"}
,"C:\\Users\\blue\\sistema-manutencao\\src\\features\\called\\hooks\\useEditMaintenanceForm.ts": {"path":"C:\\Users\\blue\\sistema-manutencao\\src\\features\\called\\hooks\\useEditMaintenanceForm.ts","statementMap":{"0":{"start":{"line":8,"column":38},"end":{"line":86,"column":1}},"1":{"start":{"line":9,"column":30},"end":{"line":9,"column":77}},"2":{"start":{"line":10,"column":46},"end":{"line":12,"column":3}},"3":{"start":{"line":13,"column":48},"end":{"line":15,"column":3}},"4":{"start":{"line":16,"column":36},"end":{"line":20,"column":3}},"5":{"start":{"line":22,"column":30},"end":{"line":26,"column":8}},"6":{"start":{"line":28,"column":18},"end":{"line":30,"column":3}},"7":{"start":{"line":29,"column":4},"end":{"line":29,"column":60}},"8":{"start":{"line":32,"column":21},"end":{"line":34,"column":3}},"9":{"start":{"line":33,"column":4},"end":{"line":33,"column":58}},"10":{"start":{"line":33,"column":44},"end":{"line":33,"column":55}},"11":{"start":{"line":36,"column":25},"end":{"line":40,"column":3}},"12":{"start":{"line":37,"column":20},"end":{"line":37,"column":34}},"13":{"start":{"line":38,"column":4},"end":{"line":38,"column":31}},"14":{"start":{"line":39,"column":4},"end":{"line":39,"column":26}},"15":{"start":{"line":42,"column":29},"end":{"line":46,"column":3}},"16":{"start":{"line":43,"column":20},"end":{"line":43,"column":34}},"17":{"start":{"line":44,"column":4},"end":{"line":44,"column":39}},"18":{"start":{"line":45,"column":4},"end":{"line":45,"column":26}},"19":{"start":{"line":48,"column":19},"end":{"line":69,"column":3}},"20":{"start":{"line":49,"column":37},"end":{"line":49,"column":39}},"21":{"start":{"line":51,"column":4},"end":{"line":65,"column":5}},"22":{"start":{"line":52,"column":6},"end":{"line":54,"column":7}},"23":{"start":{"line":53,"column":8},"end":{"line":53,"column":67}},"24":{"start":{"line":55,"column":6},"end":{"line":57,"column":7}},"25":{"start":{"line":56,"column":8},"end":{"line":56,"column":72}},"26":{"start":{"line":58,"column":27},"end":{"line":60,"column":7}},"27":{"start":{"line":59,"column":18},"end":{"line":59,"column":57}},"28":{"start":{"line":61,"column":6},"end":{"line":64,"column":7}},"29":{"start":{"line":62,"column":8},"end":{"line":63,"column":79}},"30":{"start":{"line":67,"column":4},"end":{"line":67,"column":25}},"31":{"start":{"line":68,"column":4},"end":{"line":68,"column":47}},"32":{"start":{"line":71,"column":2},"end":{"line":85,"column":4}}},"fnMap":{"0":{"name":"(anonymous_0)","decl":{"start":{"line":8,"column":38},"end":{"line":8,"column":39}},"loc":{"start":{"line":8,"column":75},"end":{"line":86,"column":1}},"line":8},"1":{"name":"(anonymous_1)","decl":{"start":{"line":28,"column":18},"end":{"line":28,"column":19}},"loc":{"start":{"line":28,"column":24},"end":{"line":30,"column":3}},"line":28},"2":{"name":"(anonymous_2)","decl":{"start":{"line":32,"column":21},"end":{"line":32,"column":22}},"loc":{"start":{"line":32,"column":40},"end":{"line":34,"column":3}},"line":32},"3":{"name":"(anonymous_3)","decl":{"start":{"line":33,"column":34},"end":{"line":33,"column":35}},"loc":{"start":{"line":33,"column":44},"end":{"line":33,"column":55}},"line":33},"4":{"name":"(anonymous_4)","decl":{"start":{"line":36,"column":25},"end":{"line":36,"column":26}},"loc":{"start":{"line":36,"column":58},"end":{"line":40,"column":3}},"line":36},"5":{"name":"(anonymous_5)","decl":{"start":{"line":42,"column":29},"end":{"line":42,"column":30}},"loc":{"start":{"line":42,"column":66},"end":{"line":46,"column":3}},"line":42},"6":{"name":"(anonymous_6)","decl":{"start":{"line":48,"column":19},"end":{"line":48,"column":20}},"loc":{"start":{"line":48,"column":25},"end":{"line":69,"column":3}},"line":48},"7":{"name":"(anonymous_7)","decl":{"start":{"line":59,"column":8},"end":{"line":59,"column":9}},"loc":{"start":{"line":59,"column":18},"end":{"line":59,"column":57}},"line":59}},"branchMap":{"0":{"loc":{"start":{"line":11,"column":4},"end":{"line":11,"column":36}},"type":"binary-expr","locations":[{"start":{"line":11,"column":4},"end":{"line":11,"column":30}},{"start":{"line":11,"column":34},"end":{"line":11,"column":36}}],"line":11},"1":{"loc":{"start":{"line":14,"column":4},"end":{"line":14,"column":37}},"type":"binary-expr","locations":[{"start":{"line":14,"column":4},"end":{"line":14,"column":31}},{"start":{"line":14,"column":35},"end":{"line":14,"column":37}}],"line":14},"2":{"loc":{"start":{"line":17,"column":4},"end":{"line":19,"column":35}},"type":"cond-expr","locations":[{"start":{"line":18,"column":8},"end":{"line":18,"column":29}},{"start":{"line":19,"column":8},"end":{"line":19,"column":35}}],"line":17},"3":{"loc":{"start":{"line":51,"column":4},"end":{"line":65,"column":5}},"type":"if","locations":[{"start":{"line":51,"column":4},"end":{"line":65,"column":5}},{"start":{},"end":{}}],"line":51},"4":{"loc":{"start":{"line":52,"column":6},"end":{"line":54,"column":7}},"type":"if","locations":[{"start":{"line":52,"column":6},"end":{"line":54,"column":7}},{"start":{},"end":{}}],"line":52},"5":{"loc":{"start":{"line":55,"column":6},"end":{"line":57,"column":7}},"type":"if","locations":[{"start":{"line":55,"column":6},"end":{"line":57,"column":7}},{"start":{},"end":{}}],"line":55},"6":{"loc":{"start":{"line":59,"column":18},"end":{"line":59,"column":57}},"type":"binary-expr","locations":[{"start":{"line":59,"column":18},"end":{"line":59,"column":35}},{"start":{"line":59,"column":39},"end":{"line":59,"column":57}}],"line":59},"7":{"loc":{"start":{"line":61,"column":6},"end":{"line":64,"column":7}},"type":"if","locations":[{"start":{"line":61,"column":6},"end":{"line":64,"column":7}},{"start":{},"end":{}}],"line":61}},"s":{"0":1,"1":0,"2":0,"3":0,"4":0,"5":0,"6":0,"7":0,"8":0,"9":0,"10":0,"11":0,"12":0,"13":0,"14":0,"15":0,"16":0,"17":0,"18":0,"19":0,"20":0,"21":0,"22":0,"23":0,"24":0,"25":0,"26":0,"27":0,"28":0,"29":0,"30":0,"31":0,"32":0},"f":{"0":0,"1":0,"2":0,"3":0,"4":0,"5":0,"6":0,"7":0},"b":{"0":[0,0],"1":[0,0],"2":[0,0],"3":[0,0],"4":[0,0],"5":[0,0],"6":[0,0],"7":[0,0]},"_coverageSchema":"1a1c01bbd47fc00a2c39e90264f33305004495a9","hash":"af427203cdbb88f9c03bc6edf5546f0ae5082dba"}
,"C:\\Users\\blue\\sistema-manutencao\\src\\features\\called\\store\\useMaintenanceStore.ts": {"path":"C:\\Users\\blue\\sistema-manutencao\\src\\features\\called\\store\\useMaintenanceStore.ts","statementMap":{"0":{"start":{"line":24,"column":35},"end":{"line":48,"column":3}},"1":{"start":{"line":24,"column":75},"end":{"line":48,"column":1}},"2":{"start":{"line":29,"column":27},"end":{"line":29,"column":52}},"3":{"start":{"line":30,"column":31},"end":{"line":30,"column":60}},"4":{"start":{"line":31,"column":39},"end":{"line":31,"column":76}},"5":{"start":{"line":33,"column":4},"end":{"line":33,"column":73}},"6":{"start":{"line":37,"column":36},"end":{"line":37,"column":70}},"7":{"start":{"line":39,"column":4},"end":{"line":41,"column":7}},"8":{"start":{"line":39,"column":20},"end":{"line":41,"column":5}},"9":{"start":{"line":43,"column":4},"end":{"line":47,"column":7}},"10":{"start":{"line":43,"column":20},"end":{"line":47,"column":5}},"11":{"start":{"line":45,"column":8},"end":{"line":45,"column":48}}},"fnMap":{"0":{"name":"(anonymous_0)","decl":{"start":{"line":24,"column":65},"end":{"line":24,"column":66}},"loc":{"start":{"line":24,"column":75},"end":{"line":48,"column":1}},"line":24},"1":{"name":"(anonymous_1)","decl":{"start":{"line":29,"column":17},"end":{"line":29,"column":18}},"loc":{"start":{"line":29,"column":27},"end":{"line":29,"column":52}},"line":29},"2":{"name":"(anonymous_2)","decl":{"start":{"line":30,"column":19},"end":{"line":30,"column":20}},"loc":{"start":{"line":30,"column":31},"end":{"line":30,"column":60}},"line":30},"3":{"name":"(anonymous_3)","decl":{"start":{"line":31,"column":23},"end":{"line":31,"column":24}},"loc":{"start":{"line":31,"column":39},"end":{"line":31,"column":76}},"line":31},"4":{"name":"(anonymous_4)","decl":{"start":{"line":32,"column":16},"end":{"line":32,"column":17}},"loc":{"start":{"line":33,"column":4},"end":{"line":33,"column":73}},"line":33},"5":{"name":"(anonymous_5)","decl":{"start":{"line":37,"column":26},"end":{"line":37,"column":27}},"loc":{"start":{"line":37,"column":36},"end":{"line":37,"column":70}},"line":37},"6":{"name":"(anonymous_6)","decl":{"start":{"line":38,"column":25},"end":{"line":38,"column":26}},"loc":{"start":{"line":39,"column":4},"end":{"line":41,"column":7}},"line":39},"7":{"name":"(anonymous_7)","decl":{"start":{"line":39,"column":8},"end":{"line":39,"column":9}},"loc":{"start":{"line":39,"column":20},"end":{"line":41,"column":5}},"line":39},"8":{"name":"(anonymous_8)","decl":{"start":{"line":42,"column":16},"end":{"line":42,"column":17}},"loc":{"start":{"line":43,"column":4},"end":{"line":47,"column":7}},"line":43},"9":{"name":"(anonymous_9)","decl":{"start":{"line":43,"column":8},"end":{"line":43,"column":9}},"loc":{"start":{"line":43,"column":20},"end":{"line":47,"column":5}},"line":43},"10":{"name":"(anonymous_10)","decl":{"start":{"line":44,"column":57},"end":{"line":44,"column":58}},"loc":{"start":{"line":45,"column":8},"end":{"line":45,"column":48}},"line":45}},"branchMap":{"0":{"loc":{"start":{"line":45,"column":8},"end":{"line":45,"column":48}},"type":"cond-expr","locations":[{"start":{"line":45,"column":24},"end":{"line":45,"column":42}},{"start":{"line":45,"column":45},"end":{"line":45,"column":48}}],"line":45}},"s":{"0":1,"1":1,"2":0,"3":0,"4":0,"5":0,"6":0,"7":0,"8":0,"9":0,"10":0,"11":0},"f":{"0":1,"1":0,"2":0,"3":0,"4":0,"5":0,"6":0,"7":0,"8":0,"9":0,"10":0},"b":{"0":[0,0]},"_coverageSchema":"1a1c01bbd47fc00a2c39e90264f33305004495a9","hash":"2e714b8906a2ae9b9d9312a28bbb0f8ad9aab0ac"}
,"C:\\Users\\blue\\sistema-manutencao\\src\\features\\dashboard\\components\\ContentDash.tsx": {"path":"C:\\Users\\blue\\sistema-manutencao\\src\\features\\dashboard\\components\\ContentDash.tsx","statementMap":{"0":{"start":{"line":9,"column":15},"end":{"line":9,"column":37}},"1":{"start":{"line":11,"column":27},"end":{"line":67,"column":1}},"2":{"start":{"line":13,"column":4},"end":{"line":13,"column":25}},"3":{"start":{"line":15,"column":36},"end":{"line":15,"column":66}},"4":{"start":{"line":16,"column":33},"end":{"line":16,"column":60}},"5":{"start":{"line":18,"column":2},"end":{"line":20,"column":3}},"6":{"start":{"line":19,"column":4},"end":{"line":19,"column":24}},"7":{"start":{"line":22,"column":2},"end":{"line":66,"column":4}}},"fnMap":{"0":{"name":"(anonymous_0)","decl":{"start":{"line":11,"column":27},"end":{"line":11,"column":28}},"loc":{"start":{"line":11,"column":33},"end":{"line":67,"column":1}},"line":11}},"branchMap":{"0":{"loc":{"start":{"line":18,"column":2},"end":{"line":20,"column":3}},"type":"if","locations":[{"start":{"line":18,"column":2},"end":{"line":20,"column":3}},{"start":{},"end":{}}],"line":18},"1":{"loc":{"start":{"line":61,"column":21},"end":{"line":61,"column":46}},"type":"binary-expr","locations":[{"start":{"line":61,"column":21},"end":{"line":61,"column":41}},{"start":{"line":61,"column":45},"end":{"line":61,"column":46}}],"line":61},"2":{"loc":{"start":{"line":62,"column":26},"end":{"line":62,"column":57}},"type":"binary-expr","locations":[{"start":{"line":62,"column":26},"end":{"line":62,"column":52}},{"start":{"line":62,"column":56},"end":{"line":62,"column":57}}],"line":62},"3":{"loc":{"start":{"line":63,"column":24},"end":{"line":63,"column":54}},"type":"binary-expr","locations":[{"start":{"line":63,"column":24},"end":{"line":63,"column":49}},{"start":{"line":63,"column":53},"end":{"line":63,"column":54}}],"line":63}},"s":{"0":1,"1":1,"2":1,"3":1,"4":1,"5":1,"6":0,"7":1},"f":{"0":1},"b":{"0":[0,1],"1":[1,0],"2":[1,0],"3":[1,0]},"_coverageSchema":"1a1c01bbd47fc00a2c39e90264f33305004495a9","hash":"3e6aeecc5b37a34329e04af0c12e5e72ab20988b"}
,"C:\\Users\\blue\\sistema-manutencao\\src\\features\\dashboard\\components\\BarChartComponent\\BarChartComponent.tsx": {"path":"C:\\Users\\blue\\sistema-manutencao\\src\\features\\dashboard\\components\\BarChartComponent\\BarChartComponent.tsx","statementMap":{"0":{"start":{"line":19,"column":33},"end":{"line":43,"column":1}},"1":{"start":{"line":26,"column":2},"end":{"line":42,"column":4}}},"fnMap":{"0":{"name":"(anonymous_0)","decl":{"start":{"line":19,"column":33},"end":{"line":19,"column":34}},"loc":{"start":{"line":25,"column":30},"end":{"line":43,"column":1}},"line":25}},"branchMap":{},"s":{"0":1,"1":2},"f":{"0":2},"b":{},"_coverageSchema":"1a1c01bbd47fc00a2c39e90264f33305004495a9","hash":"2d1f091c587f1901bef4effa0949a893f8a79f4b"}
,"C:\\Users\\blue\\sistema-manutencao\\src\\features\\dashboard\\components\\Skeleton\\Skeleton.tsx": {"path":"C:\\Users\\blue\\sistema-manutencao\\src\\features\\dashboard\\components\\Skeleton\\Skeleton.tsx","statementMap":{"0":{"start":{"line":3,"column":24},"end":{"line":11,"column":1}},"1":{"start":{"line":4,"column":2},"end":{"line":10,"column":4}}},"fnMap":{"0":{"name":"(anonymous_0)","decl":{"start":{"line":3,"column":24},"end":{"line":3,"column":25}},"loc":{"start":{"line":3,"column":30},"end":{"line":11,"column":1}},"line":3}},"branchMap":{},"s":{"0":1,"1":0},"f":{"0":0},"b":{},"_coverageSchema":"1a1c01bbd47fc00a2c39e90264f33305004495a9","hash":"2dbae0ba4295c90d76fb6847b1d06f035579a66b"}
,"C:\\Users\\blue\\sistema-manutencao\\src\\features\\equipment\\components\\Equipment.tsx": {"path":"C:\\Users\\blue\\sistema-manutencao\\src\\features\\equipment\\components\\Equipment.tsx","statementMap":{"0":{"start":{"line":16,"column":19},"end":{"line":213,"column":1}},"1":{"start":{"line":24,"column":6},"end":{"line":24,"column":21}},"2":{"start":{"line":36,"column":6},"end":{"line":36,"column":27}},"3":{"start":{"line":38,"column":33},"end":{"line":38,"column":45}},"4":{"start":{"line":40,"column":32},"end":{"line":40,"column":51}},"5":{"start":{"line":41,"column":19},"end":{"line":41,"column":32}},"6":{"start":{"line":43,"column":21},"end":{"line":47,"column":8}},"7":{"start":{"line":44,"column":4},"end":{"line":44,"column":29}},"8":{"start":{"line":44,"column":18},"end":{"line":44,"column":29}},"9":{"start":{"line":45,"column":17},"end":{"line":45,"column":34}},"10":{"start":{"line":46,"column":4},"end":{"line":46,"column":44}},"11":{"start":{"line":49,"column":21},"end":{"line":55,"column":15}},"12":{"start":{"line":50,"column":16},"end":{"line":50,"column":41}},"13":{"start":{"line":51,"column":4},"end":{"line":53,"column":7}},"14":{"start":{"line":52,"column":6},"end":{"line":52,"column":24}},"15":{"start":{"line":54,"column":4},"end":{"line":54,"column":15}},"16":{"start":{"line":57,"column":26},"end":{"line":60,"column":3}},"17":{"start":{"line":58,"column":30},"end":{"line":58,"column":55}},"18":{"start":{"line":58,"column":36},"end":{"line":58,"column":55}},"19":{"start":{"line":62,"column":28},"end":{"line":65,"column":3}},"20":{"start":{"line":63,"column":30},"end":{"line":63,"column":57}},"21":{"start":{"line":63,"column":36},"end":{"line":63,"column":57}},"22":{"start":{"line":67,"column":27},"end":{"line":117,"column":3}},"23":{"start":{"line":69,"column":6},"end":{"line":114,"column":12}},"24":{"start":{"line":71,"column":10},"end":{"line":112,"column":16}},"25":{"start":{"line":119,"column":2},"end":{"line":119,"column":50}},"26":{"start":{"line":119,"column":17},"end":{"line":119,"column":50}},"27":{"start":{"line":121,"column":2},"end":{"line":212,"column":4}},"28":{"start":{"line":131,"column":25},"end":{"line":131,"column":55}},"29":{"start":{"line":157,"column":14},"end":{"line":181,"column":19}}},"fnMap":{"0":{"name":"(anonymous_0)","decl":{"start":{"line":16,"column":19},"end":{"line":16,"column":20}},"loc":{"start":{"line":16,"column":25},"end":{"line":213,"column":1}},"line":16},"1":{"name":"(anonymous_1)","decl":{"start":{"line":43,"column":33},"end":{"line":43,"column":34}},"loc":{"start":{"line":43,"column":55},"end":{"line":47,"column":3}},"line":43},"2":{"name":"(anonymous_2)","decl":{"start":{"line":49,"column":29},"end":{"line":49,"column":30}},"loc":{"start":{"line":49,"column":35},"end":{"line":55,"column":3}},"line":49},"3":{"name":"(anonymous_3)","decl":{"start":{"line":51,"column":20},"end":{"line":51,"column":21}},"loc":{"start":{"line":51,"column":38},"end":{"line":53,"column":5}},"line":51},"4":{"name":"(anonymous_4)","decl":{"start":{"line":58,"column":4},"end":{"line":58,"column":5}},"loc":{"start":{"line":58,"column":30},"end":{"line":58,"column":55}},"line":58},"5":{"name":"(anonymous_5)","decl":{"start":{"line":58,"column":30},"end":{"line":58,"column":31}},"loc":{"start":{"line":58,"column":36},"end":{"line":58,"column":55}},"line":58},"6":{"name":"(anonymous_6)","decl":{"start":{"line":63,"column":4},"end":{"line":63,"column":5}},"loc":{"start":{"line":63,"column":30},"end":{"line":63,"column":57}},"line":63},"7":{"name":"(anonymous_7)","decl":{"start":{"line":63,"column":30},"end":{"line":63,"column":31}},"loc":{"start":{"line":63,"column":36},"end":{"line":63,"column":57}},"line":63},"8":{"name":"(anonymous_8)","decl":{"start":{"line":68,"column":4},"end":{"line":68,"column":5}},"loc":{"start":{"line":69,"column":6},"end":{"line":114,"column":12}},"line":69},"9":{"name":"(anonymous_9)","decl":{"start":{"line":70,"column":24},"end":{"line":70,"column":25}},"loc":{"start":{"line":71,"column":10},"end":{"line":112,"column":16}},"line":71},"10":{"name":"(anonymous_10)","decl":{"start":{"line":131,"column":19},"end":{"line":131,"column":20}},"loc":{"start":{"line":131,"column":25},"end":{"line":131,"column":55}},"line":131},"11":{"name":"(anonymous_11)","decl":{"start":{"line":156,"column":28},"end":{"line":156,"column":29}},"loc":{"start":{"line":157,"column":14},"end":{"line":181,"column":19}},"line":157}},"branchMap":{"0":{"loc":{"start":{"line":38,"column":16},"end":{"line":38,"column":28}},"type":"default-arg","locations":[{"start":{"line":38,"column":26},"end":{"line":38,"column":28}}],"line":38},"1":{"loc":{"start":{"line":44,"column":4},"end":{"line":44,"column":29}},"type":"if","locations":[{"start":{"line":44,"column":4},"end":{"line":44,"column":29}},{"start":{},"end":{}}],"line":44},"2":{"loc":{"start":{"line":84,"column":40},"end":{"line":84,"column":62}},"type":"binary-expr","locations":[{"start":{"line":84,"column":40},"end":{"line":84,"column":55}},{"start":{"line":84,"column":59},"end":{"line":84,"column":62}}],"line":84},"3":{"loc":{"start":{"line":88,"column":15},"end":{"line":88,"column":56}},"type":"binary-expr","locations":[{"start":{"line":88,"column":15},"end":{"line":88,"column":49}},{"start":{"line":88,"column":53},"end":{"line":88,"column":56}}],"line":88},"4":{"loc":{"start":{"line":119,"column":2},"end":{"line":119,"column":50}},"type":"if","locations":[{"start":{"line":119,"column":2},"end":{"line":119,"column":50}},{"start":{},"end":{}}],"line":119},"5":{"loc":{"start":{"line":139,"column":9},"end":{"line":139,"column":72}},"type":"binary-expr","locations":[{"start":{"line":139,"column":9},"end":{"line":139,"column":32}},{"start":{"line":139,"column":36},"end":{"line":139,"column":72}}],"line":139},"6":{"loc":{"start":{"line":160,"column":21},"end":{"line":160,"column":43}},"type":"binary-expr","locations":[{"start":{"line":160,"column":21},"end":{"line":160,"column":36}},{"start":{"line":160,"column":40},"end":{"line":160,"column":43}}],"line":160},"7":{"loc":{"start":{"line":161,"column":21},"end":{"line":161,"column":62}},"type":"binary-expr","locations":[{"start":{"line":161,"column":21},"end":{"line":161,"column":55}},{"start":{"line":161,"column":59},"end":{"line":161,"column":62}}],"line":161}},"s":{"0":1,"1":1,"2":1,"3":1,"4":1,"5":1,"6":1,"7":0,"8":0,"9":0,"10":0,"11":1,"12":1,"13":1,"14":0,"15":1,"16":1,"17":0,"18":0,"19":1,"20":0,"21":0,"22":1,"23":1,"24":0,"25":1,"26":0,"27":1,"28":0,"29":0},"f":{"0":1,"1":0,"2":1,"3":0,"4":0,"5":0,"6":0,"7":0,"8":1,"9":0,"10":0,"11":0},"b":{"0":[1],"1":[0,0],"2":[0,0],"3":[0,0],"4":[0,1],"5":[1,1],"6":[0,0],"7":[0,0]},"_coverageSchema":"1a1c01bbd47fc00a2c39e90264f33305004495a9","hash":"3845c619e7499b9539e07cf07a36c9efecf8b261"}
,"C:\\Users\\blue\\sistema-manutencao\\src\\features\\equipment\\components\\ConfirmModal\\ConfirmModal.tsx": {"path":"C:\\Users\\blue\\sistema-manutencao\\src\\features\\equipment\\components\\ConfirmModal\\ConfirmModal.tsx","statementMap":{"0":{"start":{"line":12,"column":21},"end":{"line":75,"column":1}},"1":{"start":{"line":19,"column":26},"end":{"line":19,"column":57}},"2":{"start":{"line":22,"column":2},"end":{"line":26,"column":15}},"3":{"start":{"line":23,"column":4},"end":{"line":25,"column":5}},"4":{"start":{"line":24,"column":6},"end":{"line":24,"column":39}},"5":{"start":{"line":29,"column":2},"end":{"line":39,"column":25}},"6":{"start":{"line":30,"column":26},"end":{"line":34,"column":5}},"7":{"start":{"line":31,"column":6},"end":{"line":33,"column":7}},"8":{"start":{"line":32,"column":8},"end":{"line":32,"column":19}},"9":{"start":{"line":35,"column":4},"end":{"line":38,"column":5}},"10":{"start":{"line":36,"column":6},"end":{"line":36,"column":56}},"11":{"start":{"line":37,"column":6},"end":{"line":37,"column":72}},"12":{"start":{"line":37,"column":19},"end":{"line":37,"column":71}},"13":{"start":{"line":41,"column":2},"end":{"line":41,"column":27}},"14":{"start":{"line":41,"column":15},"end":{"line":41,"column":27}},"15":{"start":{"line":43,"column":2},"end":{"line":74,"column":4}}},"fnMap":{"0":{"name":"(anonymous_0)","decl":{"start":{"line":12,"column":21},"end":{"line":12,"column":22}},"loc":{"start":{"line":18,"column":25},"end":{"line":75,"column":1}},"line":18},"1":{"name":"(anonymous_1)","decl":{"start":{"line":22,"column":12},"end":{"line":22,"column":13}},"loc":{"start":{"line":22,"column":18},"end":{"line":26,"column":3}},"line":22},"2":{"name":"(anonymous_2)","decl":{"start":{"line":29,"column":12},"end":{"line":29,"column":13}},"loc":{"start":{"line":29,"column":18},"end":{"line":39,"column":3}},"line":29},"3":{"name":"(anonymous_3)","decl":{"start":{"line":30,"column":26},"end":{"line":30,"column":27}},"loc":{"start":{"line":30,"column":48},"end":{"line":34,"column":5}},"line":30},"4":{"name":"(anonymous_4)","decl":{"start":{"line":37,"column":13},"end":{"line":37,"column":14}},"loc":{"start":{"line":37,"column":19},"end":{"line":37,"column":71}},"line":37}},"branchMap":{"0":{"loc":{"start":{"line":14,"column":2},"end":{"line":14,"column":23}},"type":"default-arg","locations":[{"start":{"line":14,"column":10},"end":{"line":14,"column":23}}],"line":14},"1":{"loc":{"start":{"line":23,"column":4},"end":{"line":25,"column":5}},"type":"if","locations":[{"start":{"line":23,"column":4},"end":{"line":25,"column":5}},{"start":{},"end":{}}],"line":23},"2":{"loc":{"start":{"line":31,"column":6},"end":{"line":33,"column":7}},"type":"if","locations":[{"start":{"line":31,"column":6},"end":{"line":33,"column":7}},{"start":{},"end":{}}],"line":31},"3":{"loc":{"start":{"line":35,"column":4},"end":{"line":38,"column":5}},"type":"if","locations":[{"start":{"line":35,"column":4},"end":{"line":38,"column":5}},{"start":{},"end":{}}],"line":35},"4":{"loc":{"start":{"line":41,"column":2},"end":{"line":41,"column":27}},"type":"if","locations":[{"start":{"line":41,"column":2},"end":{"line":41,"column":27}},{"start":{},"end":{}}],"line":41}},"s":{"0":1,"1":1,"2":1,"3":1,"4":0,"5":1,"6":1,"7":0,"8":0,"9":1,"10":0,"11":0,"12":0,"13":1,"14":1,"15":0},"f":{"0":1,"1":1,"2":1,"3":0,"4":0},"b":{"0":[0],"1":[0,1],"2":[0,0],"3":[0,1],"4":[1,0]},"_coverageSchema":"1a1c01bbd47fc00a2c39e90264f33305004495a9","hash":"e63f2a898ab052bbbbf1b89b05a861387cd272d2"}
,"C:\\Users\\blue\\sistema-manutencao\\src\\features\\equipment\\components\\EditModal\\EditEquipmentModal.tsx": {"path":"C:\\Users\\blue\\sistema-manutencao\\src\\features\\equipment\\components\\EditModal\\EditEquipmentModal.tsx","statementMap":{"0":{"start":{"line":40,"column":34},"end":{"line":48,"column":4}},"1":{"start":{"line":50,"column":2},"end":{"line":62,"column":18}},"2":{"start":{"line":51,"column":4},"end":{"line":61,"column":9}},"3":{"start":{"line":51,"column":19},"end":{"line":51,"column":42}},"4":{"start":{"line":53,"column":6},"end":{"line":61,"column":9}},"5":{"start":{"line":65,"column":2},"end":{"line":75,"column":24}},"6":{"start":{"line":67,"column":6},"end":{"line":69,"column":7}},"7":{"start":{"line":68,"column":8},"end":{"line":68,"column":18}},"8":{"start":{"line":71,"column":4},"end":{"line":74,"column":5}},"9":{"start":{"line":72,"column":6},"end":{"line":72,"column":52}},"10":{"start":{"line":73,"column":6},"end":{"line":73,"column":68}},"11":{"start":{"line":73,"column":19},"end":{"line":73,"column":67}},"12":{"start":{"line":77,"column":23},"end":{"line":88,"column":3}},"13":{"start":{"line":81,"column":30},"end":{"line":81,"column":38}},"14":{"start":{"line":82,"column":6},"end":{"line":85,"column":10}},"15":{"start":{"line":82,"column":29},"end":{"line":85,"column":7}},"16":{"start":{"line":90,"column":23},"end":{"line":108,"column":3}},"17":{"start":{"line":92,"column":6},"end":{"line":92,"column":25}},"18":{"start":{"line":94,"column":6},"end":{"line":103,"column":7}},"19":{"start":{"line":99,"column":8},"end":{"line":101,"column":10}},"20":{"start":{"line":102,"column":8},"end":{"line":102,"column":15}},"21":{"start":{"line":105,"column":6},"end":{"line":105,"column":47}},"22":{"start":{"line":110,"column":2},"end":{"line":110,"column":27}},"23":{"start":{"line":110,"column":15},"end":{"line":110,"column":27}},"24":{"start":{"line":112,"column":2},"end":{"line":214,"column":4}},"25":{"start":{"line":169,"column":16},"end":{"line":171,"column":25}}},"fnMap":{"0":{"name":"EditEquipmentModal","decl":{"start":{"line":33,"column":9},"end":{"line":33,"column":27}},"loc":{"start":{"line":39,"column":28},"end":{"line":215,"column":1}},"line":39},"1":{"name":"(anonymous_1)","decl":{"start":{"line":50,"column":12},"end":{"line":50,"column":13}},"loc":{"start":{"line":50,"column":18},"end":{"line":62,"column":3}},"line":50},"2":{"name":"(anonymous_2)","decl":{"start":{"line":65,"column":12},"end":{"line":65,"column":13}},"loc":{"start":{"line":65,"column":18},"end":{"line":75,"column":3}},"line":65},"3":{"name":"onKeyDown","decl":{"start":{"line":66,"column":13},"end":{"line":66,"column":22}},"loc":{"start":{"line":66,"column":41},"end":{"line":70,"column":5}},"line":66},"4":{"name":"(anonymous_4)","decl":{"start":{"line":73,"column":13},"end":{"line":73,"column":14}},"loc":{"start":{"line":73,"column":19},"end":{"line":73,"column":67}},"line":73},"5":{"name":"(anonymous_5)","decl":{"start":{"line":78,"column":4},"end":{"line":78,"column":5}},"loc":{"start":{"line":80,"column":9},"end":{"line":86,"column":5}},"line":80},"6":{"name":"(anonymous_6)","decl":{"start":{"line":82,"column":18},"end":{"line":82,"column":19}},"loc":{"start":{"line":82,"column":29},"end":{"line":85,"column":7}},"line":82},"7":{"name":"(anonymous_7)","decl":{"start":{"line":91,"column":4},"end":{"line":91,"column":5}},"loc":{"start":{"line":91,"column":22},"end":{"line":106,"column":5}},"line":91},"8":{"name":"(anonymous_8)","decl":{"start":{"line":168,"column":27},"end":{"line":168,"column":28}},"loc":{"start":{"line":169,"column":16},"end":{"line":171,"column":25}},"line":169}},"branchMap":{"0":{"loc":{"start":{"line":51,"column":4},"end":{"line":61,"column":9}},"type":"if","locations":[{"start":{"line":51,"column":4},"end":{"line":61,"column":9}},{"start":{"line":53,"column":6},"end":{"line":61,"column":9}}],"line":51},"1":{"loc":{"start":{"line":67,"column":6},"end":{"line":69,"column":7}},"type":"if","locations":[{"start":{"line":67,"column":6},"end":{"line":69,"column":7}},{"start":{},"end":{}}],"line":67},"2":{"loc":{"start":{"line":71,"column":4},"end":{"line":74,"column":5}},"type":"if","locations":[{"start":{"line":71,"column":4},"end":{"line":74,"column":5}},{"start":{},"end":{}}],"line":71},"3":{"loc":{"start":{"line":84,"column":16},"end":{"line":84,"column":59}},"type":"cond-expr","locations":[{"start":{"line":84,"column":38},"end":{"line":84,"column":51}},{"start":{"line":84,"column":54},"end":{"line":84,"column":59}}],"line":84},"4":{"loc":{"start":{"line":94,"column":6},"end":{"line":103,"column":7}},"type":"if","locations":[{"start":{"line":94,"column":6},"end":{"line":103,"column":7}},{"start":{},"end":{}}],"line":94},"5":{"loc":{"start":{"line":95,"column":8},"end":{"line":97,"column":26}},"type":"binary-expr","locations":[{"start":{"line":95,"column":8},"end":{"line":95,"column":29}},{"start":{"line":96,"column":8},"end":{"line":96,"column":29}},{"start":{"line":97,"column":8},"end":{"line":97,"column":26}}],"line":95},"6":{"loc":{"start":{"line":110,"column":2},"end":{"line":110,"column":27}},"type":"if","locations":[{"start":{"line":110,"column":2},"end":{"line":110,"column":27}},{"start":{},"end":{}}],"line":110},"7":{"loc":{"start":{"line":154,"column":21},"end":{"line":154,"column":41}},"type":"binary-expr","locations":[{"start":{"line":154,"column":21},"end":{"line":154,"column":35}},{"start":{"line":154,"column":39},"end":{"line":154,"column":41}}],"line":154},"8":{"loc":{"start":{"line":182,"column":21},"end":{"line":182,"column":54}},"type":"binary-expr","locations":[{"start":{"line":182,"column":21},"end":{"line":182,"column":48}},{"start":{"line":182,"column":52},"end":{"line":182,"column":54}}],"line":182},"9":{"loc":{"start":{"line":192,"column":21},"end":{"line":192,"column":41}},"type":"binary-expr","locations":[{"start":{"line":192,"column":21},"end":{"line":192,"column":35}},{"start":{"line":192,"column":39},"end":{"line":192,"column":41}}],"line":192}},"s":{"0":2,"1":2,"2":1,"3":0,"4":1,"5":2,"6":0,"7":0,"8":1,"9":0,"10":0,"11":0,"12":2,"13":0,"14":0,"15":0,"16":2,"17":0,"18":0,"19":0,"20":0,"21":0,"22":2,"23":2,"24":0,"25":0},"f":{"0":2,"1":1,"2":1,"3":0,"4":0,"5":0,"6":0,"7":0,"8":0},"b":{"0":[0,1],"1":[0,0],"2":[0,1],"3":[0,0],"4":[0,0],"5":[0,0,0],"6":[2,0],"7":[0,0],"8":[0,0],"9":[0,0]},"_coverageSchema":"1a1c01bbd47fc00a2c39e90264f33305004495a9","hash":"3f184f984cfe5ec532c03074e3633eec0f10a2a9"}
,"C:\\Users\\blue\\sistema-manutencao\\src\\features\\equipment\\components\\Skeleton\\EquipmentListSkeleton.tsx": {"path":"C:\\Users\\blue\\sistema-manutencao\\src\\features\\equipment\\components\\Skeleton\\EquipmentListSkeleton.tsx","statementMap":{"0":{"start":{"line":3,"column":30},"end":{"line":43,"column":1}},"1":{"start":{"line":4,"column":23},"end":{"line":4,"column":48}},"2":{"start":{"line":6,"column":2},"end":{"line":42,"column":4}},"3":{"start":{"line":19,"column":10},"end":{"line":38,"column":15}}},"fnMap":{"0":{"name":"(anonymous_0)","decl":{"start":{"line":3,"column":30},"end":{"line":3,"column":31}},"loc":{"start":{"line":3,"column":36},"end":{"line":43,"column":1}},"line":3},"1":{"name":"(anonymous_1)","decl":{"start":{"line":18,"column":26},"end":{"line":18,"column":27}},"loc":{"start":{"line":19,"column":10},"end":{"line":38,"column":15}},"line":19}},"branchMap":{},"s":{"0":1,"1":0,"2":0,"3":0},"f":{"0":0,"1":0},"b":{},"_coverageSchema":"1a1c01bbd47fc00a2c39e90264f33305004495a9","hash":"ed9bf966659484155b4d4a35919cda5167784edb"}
,"C:\\Users\\blue\\sistema-manutencao\\src\\features\\equipment\\store\\useEquipmentStore.ts": {"path":"C:\\Users\\blue\\sistema-manutencao\\src\\features\\equipment\\store\\useEquipmentStore.ts","statementMap":{"0":{"start":{"line":12,"column":33},"end":{"line":19,"column":3}},"1":{"start":{"line":12,"column":66},"end":{"line":19,"column":1}},"2":{"start":{"line":17,"column":24},"end":{"line":17,"column":62}},"3":{"start":{"line":18,"column":28},"end":{"line":18,"column":54}}},"fnMap":{"0":{"name":"(anonymous_0)","decl":{"start":{"line":12,"column":56},"end":{"line":12,"column":57}},"loc":{"start":{"line":12,"column":66},"end":{"line":19,"column":1}},"line":12},"1":{"name":"(anonymous_1)","decl":{"start":{"line":17,"column":13},"end":{"line":17,"column":14}},"loc":{"start":{"line":17,"column":24},"end":{"line":17,"column":62}},"line":17},"2":{"name":"(anonymous_2)","decl":{"start":{"line":18,"column":18},"end":{"line":18,"column":19}},"loc":{"start":{"line":18,"column":28},"end":{"line":18,"column":54}},"line":18}},"branchMap":{},"s":{"0":1,"1":1,"2":0,"3":0},"f":{"0":1,"1":0,"2":0},"b":{},"_coverageSchema":"1a1c01bbd47fc00a2c39e90264f33305004495a9","hash":"026b2c95b7f8f32036df992acd21127ea0524f01"}
,"C:\\Users\\blue\\sistema-manutencao\\src\\features\\history\\components\\MaintenanceHistory.tsx": {"path":"C:\\Users\\blue\\sistema-manutencao\\src\\features\\history\\components\\MaintenanceHistory.tsx","statementMap":{"0":{"start":{"line":8,"column":27},"end":{"line":102,"column":1}},"1":{"start":{"line":16,"column":6},"end":{"line":16,"column":29}},"2":{"start":{"line":19,"column":4},"end":{"line":19,"column":42}},"3":{"start":{"line":21,"column":2},"end":{"line":21,"column":55}},"4":{"start":{"line":21,"column":17},"end":{"line":21,"column":55}},"5":{"start":{"line":23,"column":27},"end":{"line":55,"column":3}},"6":{"start":{"line":24,"column":4},"end":{"line":54,"column":10}},"7":{"start":{"line":30,"column":8},"end":{"line":52,"column":14}},"8":{"start":{"line":57,"column":2},"end":{"line":101,"column":4}},"9":{"start":{"line":80,"column":14},"end":{"line":86,"column":19}}},"fnMap":{"0":{"name":"(anonymous_0)","decl":{"start":{"line":8,"column":27},"end":{"line":8,"column":28}},"loc":{"start":{"line":8,"column":33},"end":{"line":102,"column":1}},"line":8},"1":{"name":"(anonymous_1)","decl":{"start":{"line":23,"column":27},"end":{"line":23,"column":28}},"loc":{"start":{"line":24,"column":4},"end":{"line":54,"column":10}},"line":24},"2":{"name":"(anonymous_2)","decl":{"start":{"line":29,"column":24},"end":{"line":29,"column":25}},"loc":{"start":{"line":30,"column":8},"end":{"line":52,"column":14}},"line":30},"3":{"name":"(anonymous_3)","decl":{"start":{"line":79,"column":30},"end":{"line":79,"column":31}},"loc":{"start":{"line":80,"column":14},"end":{"line":86,"column":19}},"line":80}},"branchMap":{"0":{"loc":{"start":{"line":21,"column":2},"end":{"line":21,"column":55}},"type":"if","locations":[{"start":{"line":21,"column":2},"end":{"line":21,"column":55}},{"start":{},"end":{}}],"line":21},"1":{"loc":{"start":{"line":61,"column":9},"end":{"line":63,"column":9}},"type":"binary-expr","locations":[{"start":{"line":61,"column":9},"end":{"line":61,"column":34}},{"start":{"line":62,"column":10},"end":{"line":62,"column":60}}],"line":61}},"s":{"0":1,"1":1,"2":1,"3":1,"4":0,"5":1,"6":1,"7":0,"8":1,"9":0},"f":{"0":1,"1":1,"2":0,"3":0},"b":{"0":[0,1],"1":[1,1]},"_coverageSchema":"1a1c01bbd47fc00a2c39e90264f33305004495a9","hash":"c9a61957f77bf1b20b42b9911b85187848063c15"}
,"C:\\Users\\blue\\sistema-manutencao\\src\\features\\history\\components\\MaintenanceFilter\\MaintenanceFilter.tsx": {"path":"C:\\Users\\blue\\sistema-manutencao\\src\\features\\history\\components\\MaintenanceFilter\\MaintenanceFilter.tsx","statementMap":{"0":{"start":{"line":9,"column":33},"end":{"line":47,"column":1}},"1":{"start":{"line":10,"column":32},"end":{"line":10,"column":53}},"2":{"start":{"line":12,"column":23},"end":{"line":12,"column":65}},"3":{"start":{"line":12,"column":47},"end":{"line":12,"column":65}},"4":{"start":{"line":14,"column":2},"end":{"line":46,"column":4}},"5":{"start":{"line":28,"column":25},"end":{"line":28,"column":50}}},"fnMap":{"0":{"name":"(anonymous_0)","decl":{"start":{"line":9,"column":33},"end":{"line":9,"column":34}},"loc":{"start":{"line":9,"column":75},"end":{"line":47,"column":1}},"line":9},"1":{"name":"(anonymous_1)","decl":{"start":{"line":12,"column":23},"end":{"line":12,"column":24}},"loc":{"start":{"line":12,"column":47},"end":{"line":12,"column":65}},"line":12},"2":{"name":"(anonymous_2)","decl":{"start":{"line":28,"column":18},"end":{"line":28,"column":19}},"loc":{"start":{"line":28,"column":25},"end":{"line":28,"column":50}},"line":28}},"branchMap":{},"s":{"0":1,"1":1,"2":1,"3":0,"4":1,"5":0},"f":{"0":1,"1":0,"2":0},"b":{},"_coverageSchema":"1a1c01bbd47fc00a2c39e90264f33305004495a9","hash":"4f70797cb29945f51f448255d3c4eb9d4589350c"}
,"C:\\Users\\blue\\sistema-manutencao\\src\\features\\history\\components\\Skeleton\\MaintenanceHistorySkeleton.tsx": {"path":"C:\\Users\\blue\\sistema-manutencao\\src\\features\\history\\components\\Skeleton\\MaintenanceHistorySkeleton.tsx","statementMap":{"0":{"start":{"line":3,"column":35},"end":{"line":36,"column":1}},"1":{"start":{"line":5,"column":15},"end":{"line":5,"column":40}},"2":{"start":{"line":7,"column":2},"end":{"line":35,"column":4}},"3":{"start":{"line":24,"column":12},"end":{"line":30,"column":17}},"4":{"start":{"line":26,"column":16},"end":{"line":28,"column":21}}},"fnMap":{"0":{"name":"(anonymous_0)","decl":{"start":{"line":3,"column":35},"end":{"line":3,"column":36}},"loc":{"start":{"line":3,"column":41},"end":{"line":36,"column":1}},"line":3},"1":{"name":"(anonymous_1)","decl":{"start":{"line":23,"column":20},"end":{"line":23,"column":21}},"loc":{"start":{"line":24,"column":12},"end":{"line":30,"column":17}},"line":24},"2":{"name":"(anonymous_2)","decl":{"start":{"line":25,"column":45},"end":{"line":25,"column":46}},"loc":{"start":{"line":26,"column":16},"end":{"line":28,"column":21}},"line":26}},"branchMap":{},"s":{"0":1,"1":0,"2":0,"3":0,"4":0},"f":{"0":0,"1":0,"2":0},"b":{},"_coverageSchema":"1a1c01bbd47fc00a2c39e90264f33305004495a9","hash":"aa8cc2fffdc10fc92380f0180907bb25b6275fa8"}
,"C:\\Users\\blue\\sistema-manutencao\\src\\features\\history\\hooks\\useMaintenanceFormatters.ts": {"path":"C:\\Users\\blue\\sistema-manutencao\\src\\features\\history\\hooks\\useMaintenanceFormatters.ts","statementMap":{"0":{"start":{"line":4,"column":21},"end":{"line":8,"column":10}},"1":{"start":{"line":10,"column":19},"end":{"line":13,"column":10}},"2":{"start":{"line":16,"column":21},"end":{"line":19,"column":3}},"3":{"start":{"line":17,"column":4},"end":{"line":17,"column":29}},"4":{"start":{"line":17,"column":18},"end":{"line":17,"column":29}},"5":{"start":{"line":18,"column":4},"end":{"line":18,"column":57}},"6":{"start":{"line":21,"column":25},"end":{"line":22,"column":63}},"7":{"start":{"line":22,"column":4},"end":{"line":22,"column":63}},"8":{"start":{"line":24,"column":23},"end":{"line":25,"column":55}},"9":{"start":{"line":25,"column":4},"end":{"line":25,"column":55}},"10":{"start":{"line":27,"column":20},"end":{"line":59,"column":20}},"11":{"start":{"line":28,"column":4},"end":{"line":58,"column":6}},"12":{"start":{"line":29,"column":6},"end":{"line":32,"column":7}},"13":{"start":{"line":30,"column":8},"end":{"line":30,"column":51}},"14":{"start":{"line":31,"column":8},"end":{"line":31,"column":15}},"15":{"start":{"line":34,"column":22},"end":{"line":34,"column":77}},"16":{"start":{"line":35,"column":19},"end":{"line":41,"column":8}},"17":{"start":{"line":35,"column":43},"end":{"line":41,"column":7}},"18":{"start":{"line":44,"column":8},"end":{"line":49,"column":21}},"19":{"start":{"line":47,"column":12},"end":{"line":47,"column":80}},"20":{"start":{"line":47,"column":30},"end":{"line":47,"column":69}},"21":{"start":{"line":51,"column":25},"end":{"line":51,"column":46}},"22":{"start":{"line":52,"column":19},"end":{"line":52,"column":46}},"23":{"start":{"line":53,"column":6},"end":{"line":53,"column":29}},"24":{"start":{"line":54,"column":6},"end":{"line":54,"column":50}},"25":{"start":{"line":55,"column":6},"end":{"line":55,"column":38}},"26":{"start":{"line":56,"column":6},"end":{"line":56,"column":19}},"27":{"start":{"line":57,"column":6},"end":{"line":57,"column":38}},"28":{"start":{"line":61,"column":2},"end":{"line":66,"column":4}}},"fnMap":{"0":{"name":"useMaintenanceFormatters","decl":{"start":{"line":15,"column":16},"end":{"line":15,"column":40}},"loc":{"start":{"line":15,"column":75},"end":{"line":67,"column":1}},"line":15},"1":{"name":"(anonymous_1)","decl":{"start":{"line":16,"column":21},"end":{"line":16,"column":22}},"loc":{"start":{"line":16,"column":50},"end":{"line":19,"column":3}},"line":16},"2":{"name":"(anonymous_2)","decl":{"start":{"line":21,"column":25},"end":{"line":21,"column":26}},"loc":{"start":{"line":22,"column":4},"end":{"line":22,"column":63}},"line":22},"3":{"name":"(anonymous_3)","decl":{"start":{"line":24,"column":23},"end":{"line":24,"column":24}},"loc":{"start":{"line":25,"column":4},"end":{"line":25,"column":55}},"line":25},"4":{"name":"(anonymous_4)","decl":{"start":{"line":27,"column":28},"end":{"line":27,"column":29}},"loc":{"start":{"line":27,"column":34},"end":{"line":59,"column":3}},"line":27},"5":{"name":"(anonymous_5)","decl":{"start":{"line":28,"column":11},"end":{"line":28,"column":12}},"loc":{"start":{"line":28,"column":17},"end":{"line":58,"column":5}},"line":28},"6":{"name":"(anonymous_6)","decl":{"start":{"line":35,"column":36},"end":{"line":35,"column":37}},"loc":{"start":{"line":35,"column":43},"end":{"line":41,"column":7}},"line":35},"7":{"name":"(anonymous_7)","decl":{"start":{"line":46,"column":15},"end":{"line":46,"column":16}},"loc":{"start":{"line":47,"column":12},"end":{"line":47,"column":80}},"line":47},"8":{"name":"(anonymous_8)","decl":{"start":{"line":47,"column":20},"end":{"line":47,"column":21}},"loc":{"start":{"line":47,"column":30},"end":{"line":47,"column":69}},"line":47}},"branchMap":{"0":{"loc":{"start":{"line":15,"column":41},"end":{"line":15,"column":73}},"type":"default-arg","locations":[{"start":{"line":15,"column":71},"end":{"line":15,"column":73}}],"line":15},"1":{"loc":{"start":{"line":17,"column":4},"end":{"line":17,"column":29}},"type":"if","locations":[{"start":{"line":17,"column":4},"end":{"line":17,"column":29}},{"start":{},"end":{}}],"line":17},"2":{"loc":{"start":{"line":22,"column":4},"end":{"line":22,"column":63}},"type":"binary-expr","locations":[{"start":{"line":22,"column":4},"end":{"line":22,"column":53}},{"start":{"line":22,"column":57},"end":{"line":22,"column":63}}],"line":22},"3":{"loc":{"start":{"line":25,"column":4},"end":{"line":25,"column":55}},"type":"binary-expr","locations":[{"start":{"line":25,"column":4},"end":{"line":25,"column":47}},{"start":{"line":25,"column":51},"end":{"line":25,"column":55}}],"line":25},"4":{"loc":{"start":{"line":29,"column":6},"end":{"line":32,"column":7}},"type":"if","locations":[{"start":{"line":29,"column":6},"end":{"line":32,"column":7}},{"start":{},"end":{}}],"line":29}},"s":{"0":1,"1":1,"2":1,"3":0,"4":0,"5":0,"6":1,"7":0,"8":1,"9":0,"10":1,"11":1,"12":0,"13":0,"14":0,"15":0,"16":0,"17":0,"18":0,"19":0,"20":0,"21":0,"22":0,"23":0,"24":0,"25":0,"26":0,"27":0,"28":1},"f":{"0":1,"1":0,"2":0,"3":0,"4":1,"5":0,"6":0,"7":0,"8":0},"b":{"0":[0],"1":[0,0],"2":[0,0],"3":[0,0],"4":[0,0]},"_coverageSchema":"1a1c01bbd47fc00a2c39e90264f33305004495a9","hash":"8774b49f98d2d09e21e42df1349dbf24fd0428d8"}
,"C:\\Users\\blue\\sistema-manutencao\\src\\features\\history\\store\\useMaintenance.ts": {"path":"C:\\Users\\blue\\sistema-manutencao\\src\\features\\history\\store\\useMaintenance.ts","statementMap":{"0":{"start":{"line":12,"column":35},"end":{"line":20,"column":3}},"1":{"start":{"line":12,"column":70},"end":{"line":20,"column":1}},"2":{"start":{"line":18,"column":24},"end":{"line":18,"column":62}},"3":{"start":{"line":19,"column":28},"end":{"line":19,"column":54}}},"fnMap":{"0":{"name":"(anonymous_0)","decl":{"start":{"line":12,"column":60},"end":{"line":12,"column":61}},"loc":{"start":{"line":12,"column":70},"end":{"line":20,"column":1}},"line":12},"1":{"name":"(anonymous_1)","decl":{"start":{"line":18,"column":13},"end":{"line":18,"column":14}},"loc":{"start":{"line":18,"column":24},"end":{"line":18,"column":62}},"line":18},"2":{"name":"(anonymous_2)","decl":{"start":{"line":19,"column":18},"end":{"line":19,"column":19}},"loc":{"start":{"line":19,"column":28},"end":{"line":19,"column":54}},"line":19}},"branchMap":{},"s":{"0":1,"1":1,"2":0,"3":0},"f":{"0":1,"1":0,"2":0},"b":{},"_coverageSchema":"1a1c01bbd47fc00a2c39e90264f33305004495a9","hash":"5977794e99aa31f6fedefd35c64ff481ed67da6f"}
,"C:\\Users\\blue\\sistema-manutencao\\src\\features\\sectors\\api\\sectors.ts": {"path":"C:\\Users\\blue\\sistema-manutencao\\src\\features\\sectors\\api\\sectors.ts","statementMap":{"0":{"start":{"line":4,"column":19},"end":{"line":7,"column":1}},"1":{"start":{"line":5,"column":19},"end":{"line":5,"column":44}},"2":{"start":{"line":6,"column":2},"end":{"line":6,"column":23}},"3":{"start":{"line":9,"column":21},"end":{"line":12,"column":1}},"4":{"start":{"line":10,"column":19},"end":{"line":10,"column":52}},"5":{"start":{"line":11,"column":2},"end":{"line":11,"column":23}},"6":{"start":{"line":14,"column":21},"end":{"line":17,"column":1}},"7":{"start":{"line":15,"column":19},"end":{"line":15,"column":63}},"8":{"start":{"line":16,"column":2},"end":{"line":16,"column":23}},"9":{"start":{"line":19,"column":21},"end":{"line":21,"column":1}},"10":{"start":{"line":20,"column":2},"end":{"line":20,"column":37}}},"fnMap":{"0":{"name":"(anonymous_0)","decl":{"start":{"line":4,"column":19},"end":{"line":4,"column":20}},"loc":{"start":{"line":4,"column":50},"end":{"line":7,"column":1}},"line":4},"1":{"name":"(anonymous_1)","decl":{"start":{"line":9,"column":21},"end":{"line":9,"column":22}},"loc":{"start":{"line":9,"column":75},"end":{"line":12,"column":1}},"line":9},"2":{"name":"(anonymous_2)","decl":{"start":{"line":14,"column":21},"end":{"line":14,"column":22}},"loc":{"start":{"line":14,"column":63},"end":{"line":17,"column":1}},"line":14},"3":{"name":"(anonymous_3)","decl":{"start":{"line":19,"column":21},"end":{"line":19,"column":22}},"loc":{"start":{"line":19,"column":58},"end":{"line":21,"column":1}},"line":19}},"branchMap":{},"s":{"0":3,"1":1,"2":0,"3":3,"4":0,"5":0,"6":3,"7":0,"8":0,"9":3,"10":0},"f":{"0":1,"1":0,"2":0,"3":0},"b":{},"_coverageSchema":"1a1c01bbd47fc00a2c39e90264f33305004495a9","hash":"6b4406aeef711d8191cc7b95cb8cee1de681555e"}
,"C:\\Users\\blue\\sistema-manutencao\\src\\features\\sectors\\components\\SectorList.tsx": {"path":"C:\\Users\\blue\\sistema-manutencao\\src\\features\\sectors\\components\\SectorList.tsx","statementMap":{"0":{"start":{"line":14,"column":19},"end":{"line":161,"column":1}},"1":{"start":{"line":23,"column":6},"end":{"line":23,"column":18}},"2":{"start":{"line":35,"column":6},"end":{"line":35,"column":24}},"3":{"start":{"line":37,"column":32},"end":{"line":37,"column":48}},"4":{"start":{"line":39,"column":2},"end":{"line":39,"column":47}},"5":{"start":{"line":39,"column":17},"end":{"line":39,"column":47}},"6":{"start":{"line":42,"column":4},"end":{"line":42,"column":67}},"7":{"start":{"line":45,"column":27},"end":{"line":74,"column":3}},"8":{"start":{"line":46,"column":4},"end":{"line":73,"column":10}},"9":{"start":{"line":48,"column":8},"end":{"line":71,"column":14}},"10":{"start":{"line":58,"column":29},"end":{"line":58,"column":45}},"11":{"start":{"line":65,"column":29},"end":{"line":65,"column":47}},"12":{"start":{"line":76,"column":2},"end":{"line":160,"column":4}},"13":{"start":{"line":106,"column":18},"end":{"line":125,"column":23}},"14":{"start":{"line":112,"column":39},"end":{"line":112,"column":55}},"15":{"start":{"line":119,"column":39},"end":{"line":119,"column":57}}},"fnMap":{"0":{"name":"(anonymous_0)","decl":{"start":{"line":14,"column":19},"end":{"line":14,"column":20}},"loc":{"start":{"line":14,"column":25},"end":{"line":161,"column":1}},"line":14},"1":{"name":"(anonymous_1)","decl":{"start":{"line":45,"column":27},"end":{"line":45,"column":28}},"loc":{"start":{"line":46,"column":4},"end":{"line":73,"column":10}},"line":46},"2":{"name":"(anonymous_2)","decl":{"start":{"line":47,"column":19},"end":{"line":47,"column":20}},"loc":{"start":{"line":48,"column":8},"end":{"line":71,"column":14}},"line":48},"3":{"name":"(anonymous_3)","decl":{"start":{"line":58,"column":23},"end":{"line":58,"column":24}},"loc":{"start":{"line":58,"column":29},"end":{"line":58,"column":45}},"line":58},"4":{"name":"(anonym
[...]
,"C:\\Users\\blue\\sistema-manutencao\\src\\features\\sectors\\store\\useSectorStore.ts": {"path":"C:\\Users\\blue\\sistema-manutencao\\src\\features\\sectors\\store\\useSectorStore.ts","statementMap":{"0":{"start":{"line":12,"column":30},"end":{"line":19,"column":3}},"1":{"start":{"line":12,"column":60},"end":{"line":19,"column":1}},"2":{"start":{"line":17,"column":24},"end":{"line":17,"column":62}},"3":{"start":{"line":18,"column":28},"end":{"line":18,"column":54}}},"fnMap":{"0":{"name":"(anonymous_0)","decl":{"start":{"line":12,"column":50},"end":{"line":12,"column":51}},"loc":{"start":{"line":12,"column":60},"end":{"line":19,"column":1}},"line":12},"1":{"name":"(anonymous_1)","decl":{"start":{"line":17,"column":13},"end":{"line":17,"column":14}},"loc":{"start":{"line":17,"column":24},"end":{"line":17,"column":62}},"line":17},"2":{"name":"(anonymous_2)","decl":{"start":{"line":18,"column":18},"end":{"line":18,"column":19}},"loc":{"start":{"line":18,"column":28},"end":{"line":18,"column":54}},"line":18}},"branchMap":{},"s":{"0":2,"1":2,"2":0,"3":0},"f":{"0":2,"1":0,"2":0},"b":{},"_coverageSchema":"1a1c01bbd47fc00a2c39e90264f33305004495a9","hash":"aa6e94ba0325a77f51d749857ba262685ad3bb2a"}
,"C:\\Users\\blue\\sistema-manutencao\\src\\features\\sectors\\store\\useSectors.ts": {"path":"C:\\Users\\blue\\sistema-manutencao\\src\\features\\sectors\\store\\useSectors.ts","statementMap":{"0":{"start":{"line":7,"column":19},"end":{"line":61,"column":1}},"1":{"start":{"line":9,"column":4},"end":{"line":9,"column":20}},"2":{"start":{"line":10,"column":22},"end":{"line":10,"column":38}},"3":{"start":{"line":16,"column":6},"end":{"line":19,"column":4}},"4":{"start":{"line":21,"column":27},"end":{"line":21,"column":47}},"5":{"start":{"line":24,"column":4},"end":{"line":26,"column":11}},"6":{"start":{"line":25,"column":6},"end":{"line":25,"column":58}},"7":{"start":{"line":28,"column":28},"end":{"line":28,"column":56}},"8":{"start":{"line":29,"column":29},"end":{"line":29,"column":63}},"9":{"start":{"line":30,"column":27},"end":{"line":33,"column":3}},"10":{"start":{"line":35,"column":25},"end":{"line":43,"column":4}},"11":{"start":{"line":37,"column":6},"end":{"line":37,"column":49}},"12":{"start":{"line":38,"column":6},"end":{"line":38,"column":49}},"13":{"start":{"line":41,"column":6},"end":{"line":41,"column":42}},"14":{"start":{"line":45,"column":19},"end":{"line":47,"column":3}},"15":{"start":{"line":46,"column":4},"end":{"line":46,"column":31}},"16":{"start":{"line":49,"column":2},"end":{"line":60,"column":4}}},"fnMap":{"0":{"name":"(anonymous_0)","decl":{"start":{"line":7,"column":19},"end":{"line":7,"column":20}},"loc":{"start":{"line":7,"column":25},"end":{"line":61,"column":1}},"line":7},"1":{"name":"(anonymous_1)","decl":{"start":{"line":24,"column":23},"end":{"line":24,"column":24}},"loc":{"start":{"line":25,"column":6},"end":{"line":25,"column":58}},"line":25},"2":{"name":"(anonymous_2)","decl":{"start":{"line":36,"column":15},"end":{"line":36,"column":16}},"loc":{"start":{"line":36,"column":21},"end":{"line":39,"column":5}},"line":36},"3":{"name":"(anonymous_3)","decl":{"start":{"line":40,"column":13},"end":{"line":40,"column":14}},"loc":{"start":{"line":40,"column":19},"end":{"line":42,"column":5}},"line":40},"4":{"name":"(anonymous_4)","decl":{"start":{"line":45,"column":19},"end":{"line":45,"column":20}},"loc":{"start":{"line":45,"column":43},"end":{"line":47,"column":3}},"line":45}},"branchMap":{"0":{"loc":{"start":{"line":24,"column":4},"end":{"line":26,"column":11}},"type":"binary-expr","locations":[{"start":{"line":24,"column":4},"end":{"line":26,"column":5}},{"start":{"line":26,"column":9},"end":{"line":26,"column":11}}],"line":24}},"s":{"0":1,"1":0,"2":0,"3":0,"4":0,"5":0,"6":0,"7":0,"8":0,"9":0,"10":0,"11":0,"12":0,"13":0,"14":0,"15":0,"16":0},"f":{"0":0,"1":0,"2":0,"3":0,"4":0},"b":{"0":[0,0]},"_coverageSchema":"1a1c01bbd47fc00a2c39e90264f33305004495a9","hash":"f45c0918c6fc83f61cf352525f7a4eb3540ad051"}
,"C:\\Users\\blue\\sistema-manutencao\\src\\features\\users\\components\\UserList.tsx": {"path":"C:\\Users\\blue\\sistema-manutencao\\src\\features\\users\\components\\UserList.tsx","statementMap":{"0":{"start":{"line":15,"column":43},"end":{"line":19,"column":1}},"1":{"start":{"line":21,"column":14},"end":{"line":153,"column":1}},"2":{"start":{"line":23,"column":4},"end":{"line":23,"column":14}},"3":{"start":{"line":35,"column":6},"end":{"line":35,"column":22}},"4":{"start":{"line":37,"column":32},"end":{"line":37,"column":46}},"5":{"start":{"line":38,"column":19},"end":{"line":38,"column":32}},"6":{"start":{"line":40,"column":2},"end":{"line":40,"column":45}},"7":{"start":{"line":40,"column":17},"end":{"line":40,"column":45}},"8":{"start":{"line":43,"column":24},"end":{"line":60,"column":3}},"9":{"start":{"line":44,"column":4},"end":{"line":59,"column":7}},"10":{"start":{"line":47,"column":23},"end":{"line":47,"column":37}},"11":{"start":{"line":54,"column":23},"end":{"line":54,"column":39}},"12":{"start":{"line":62,"column":27},"end":{"line":82,"column":3}},"13":{"start":{"line":63,"column":4},"end":{"line":81,"column":10}},"14":{"start":{"line":65,"column":8},"end":{"line":79,"column":14}},"15":{"start":{"line":84,"column":2},"end":{"line":152,"column":4}},"16":{"start":{"line":91,"column":31},"end":{"line":91,"column":57}},"17":{"start":{"line":111,"column":14},"end":{"line":120,"column":19}}},"fnMap":{"0":{"name":"(anonymous_0)","decl":{"start":{"line":21,"column":14},"end":{"line":21,"column":15}},"loc":{"start":{"line":21,"column":20},"end":{"line":153,"column":1}},"line":21},"1":{"name":"(anonymous_1)","decl":{"start":{"line":43,"column":24},"end":{"line":43,"column":25}},"loc":{"start":{"line":44,"column":4},"end":{"line":59,"column":7}},"line":44},"2":{"name":"(anonymous_2)","decl":{"start":{"line":47,"column":17},"end":{"line":47,"column":18}},"loc":{"start":{"line":47,"column":23},"end":{"line":47,"column":37}},"line":47},"3":{"name":"(anonymous_3)","decl":{"start":{"line":54,"column":17},"end":{"line":54,"column":18}},"loc":{"start":{"line":54,"column":23},"end":{"line":54,"column":39}},"line":54},"4":{"name":"(anonymous_4)","decl":{"start":{"line":62,"column":27},"end":{"line":62,"column":28}},"loc":{"start":{"line":63,"column":4},"end":{"line":81,"column":10}},"line":63},"5":{"name":"(anonymous_5)","decl":{"start":{"line":64,"column":17},"end":{"line":64,"column":18}},"loc":{"start":{"line":65,"column":8},"end":{"line":79,"column":14}},"line":65},"6":{"name":"(anonymous_6)","decl":{"start":{"line":91,"column":25},"end":{"line":91,"column":26}},"loc":{"start":{"line":91,"column":31},"end":{"line":91,"column":57}},"line":91},"7":{"name":"(anonymous_7)","decl":{"start":{"line":110,"column":23},"end":{"line":110,"column":24}},"loc":{"start":{"line":111,"column":14},"end":{"line":120,"column":19}},"line":111}},"branchMap":{"0":{"loc":{"start":{"line":40,"column":2},"end":{"line":40,"column":45}},"type":"if","locations":[{"start":{"line":40,"column":2},"end":{"line":40,"column":45}},{"start":{},"end":{}}],"line":40},"1":{"loc":{"start":{"line":74,"column":13},"end":{"line":74,"column":67}},"type":"binary-expr","locations":[{"start":{"line":74,"column":13},"end":{"line":74,"column":34}},{"start":{"line":74,"column":38},"end":{"line":74,"column":67}}],"line":74},"2":{"loc":{"start":{"line":97,"column":9},"end":{"line":97,"column":63}},"type":"binary-expr","locations":[{"start":{"line":97,"column":9},"end":{"line":97,"column":27}},{"start":{"line":97,"column":31},"end":{"line":97,"column":63}}],"line":97},"3":{"loc":{"start":{"line":115,"column":19},"end":{"line":115,"column":73}},"type":"binary-expr","locations":[{"start":{"line":115,"column":19},"end":{"line":115,"column":40}},{"start":{"line":115,"column":44},"end":{"line":115,"column":73}}],"line":115},"4":{"loc":{"start":{"line":142,"column":9},"end":{"line":149,"column":9}},"type":"binary-expr","locations":[{"start":{"line":142,"column":9},"end":{"line":142,"column":19}},{"start":{"line":142,"column":23},"end":{"line":142,"column":35}},{"start":{"line":143,"column":10},"end":{"line":148,"column":12}}],"line":142}},"s":{"0":1,"1":1,"2":1,"3":1,"4":1,"5":1,"6":1,"7":0,"8":1,"9":0,"10":0,"11":0,"12":1,"13":1,"14":0,"15":1,"16":0,"17":0},"f":{"0":1,"1":0,"2":0,"3":0,"4":1,"5":0,"6":0,"7":0},"b":{"0":[0,1],"1":[0,0],"2":[1,1],"3":[0,0],"4":[1,0,0]},"_coverageSchema":"1a1c01bbd47fc00a2c39e90264f33305004495a9","hash":"9a8734f28ee76c022ed83795bc0a867938ae83a0"}
,"C:\\Users\\blue\\sistema-manutencao\\src\\features\\users\\components\\ConfirmModal\\ConfirmModal.tsx": {"path":"C:\\Users\\blue\\sistema-manutencao\\src\\features\\users\\components\\ConfirmModal\\ConfirmModal.tsx","statementMap":{"0":{"start":{"line":12,"column":21},"end":{"line":65,"column":1}},"1":{"start":{"line":19,"column":23},"end":{"line":19,"column":54}},"2":{"start":{"line":21,"column":2},"end":{"line":35,"column":25}},"3":{"start":{"line":22,"column":4},"end":{"line":22,"column":24}},"4":{"start":{"line":22,"column":17},"end":{"line":22,"column":24}},"5":{"start":{"line":24,"column":22},"end":{"line":28,"column":5}},"6":{"start":{"line":25,"column":6},"end":{"line":27,"column":7}},"7":{"start":{"line":26,"column":8},"end":{"line":26,"column":19}},"8":{"start":{"line":30,"column":4},"end":{"line":30,"column":52}},"9":{"start":{"line":32,"column":4},"end":{"line":32,"column":34}},"10":{"start":{"line":34,"column":4},"end":{"line":34,"column":68}},"11":{"start":{"line":34,"column":17},"end":{"line":34,"column":67}},"12":{"start":{"line":37,"column":2},"end":{"line":37,"column":27}},"13":{"start":{"line":37,"column":15},"end":{"line":37,"column":27}},"14":{"start":{"line":39,"column":2},"end":{"line":64,"column":4}}},"fnMap":{"0":{"name":"(anonymous_0)","decl":{"start":{"line":12,"column":21},"end":{"line":12,"column":22}},"loc":{"start":{"line":18,"column":25},"end":{"line":65,"column":1}},"line":18},"1":{"name":"(anonymous_1)","decl":{"start":{"line":21,"column":12},"end":{"line":21,"column":13}},"loc":{"start":{"line":21,"column":18},"end":{"line":35,"column":3}},"line":21},"2":{"name":"(anonymous_2)","decl":{"start":{"line":24,"column":22},"end":{"line":24,"column":23}},"loc":{"start":{"line":24,"column":44},"end":{"line":28,"column":5}},"line":24},"3":{"name":"(anonymous_3)","decl":{"start":{"line":34,"column":11},"end":{"line":34,"column":12}},"loc":{"start":{"line":34,"column":17},"end":{"line":34,"column":67}},"line":34}},"branchMap":{"0":{"loc":{"start":{"line":14,"column":2},"end":{"line":14,"column":23}},"type":"default-arg","locations":[{"start":{"line":14,"column":10},"end":{"line":14,"column":23}}],"line":14},"1":{"loc":{"start":{"line":22,"column":4},"end":{"line":22,"column":24}},"type":"if","locations":[{"start":{"line":22,"column":4},"end":{"line":22,"column":24}},{"start":{},"end":{}}],"line":22},"2":{"loc":{"start":{"line":25,"column":6},"end":{"line":27,"column":7}},"type":"if","locations":[{"start":{"line":25,"column":6},"end":{"line":27,"column":7}},{"start":{},"end":{}}],"line":25},"3":{"loc":{"start":{"line":37,"column":2},"end":{"line":37,"column":27}},"type":"if","locations":[{"start":{"line":37,"column":2},"end":{"line":37,"column":27}},{"start":{},"end":{}}],"line":37}},"s":{"0":1,"1":1,"2":1,"3":1,"4":1,"5":0,"6":0,"7":0,"8":0,"9":0,"10":0,"11":0,"12":1,"13":1,"14":0},"f":{"0":1,"1":1,"2":0,"3":0},"b":{"0":[1],"1":[1,0],"2":[0,0],"3":[1,0]},"_coverageSchema":"1a1c01bbd47fc00a2c39e90264f33305004495a9","hash":"517dff05c6c00cf2b65e3010c824dd05bd8021f2"}
,"C:\\Users\\blue\\sistema-manutencao\\src\\features\\users\\components\\EditModal\\EditUserModal.tsx": {"path":"C:\\Users\\blue\\sistema-manutencao\\src\\features\\users\\components\\EditModal\\EditUserModal.tsx","statementMap":{"0":{"start":{"line":12,"column":30},"end":{"line":12,"column":69}},"1":{"start":{"line":14,"column":45},"end":{"line":18,"column":1}},"2":{"start":{"line":21,"column":34},"end":{"line":26,"column":4}},"3":{"start":{"line":28,"column":2},"end":{"line":32,"column":21}},"4":{"start":{"line":29,"column":4},"end":{"line":31,"column":5}},"5":{"start":{"line":30,"column":6},"end":{"line":30,"column":24}},"6":{"start":{"line":34,"column":2},"end":{"line":34,"column":27}},"7":{"start":{"line":34,"column":15},"end":{"line":34,"column":27}},"8":{"start":{"line":37,"column":4},"end":{"line":37,"column":66}},"9":{"start":{"line":41,"column":4},"end":{"line":41,"column":23}},"10":{"start":{"line":42,"column":4},"end":{"line":42,"column":21}},"11":{"start":{"line":45,"column":2},"end":{"line":108,"column":4}},"12":{"start":{"line":79,"column":14},"end":{"line":81,"column":23}},"13":{"start":{"line":90,"column":16},"end":{"line":90,"column":35}},"14":{"start":{"line":91,"column":16},"end":{"line":91,"column":36}},"15":{"start":{"line":92,"column":16},"end":{"line":92,"column":26}}},"fnMap":{"0":{"name":"EditUserModal","decl":{"start":{"line":20,"column":9},"end":{"line":20,"column":22}},"loc":{"start":{"line":20,"column":78},"end":{"line":109,"column":1}},"line":20},"1":{"name":"(anonymous_1)","decl":{"start":{"line":28,"column":12},"end":{"line":28,"column":13}},"loc":{"start":{"line":28,"column":18},"end":{"line":32,"column":3}},"line":28},"2":{"name":"handleChange","decl":{"start":{"line":36,"column":11},"end":{"line":36,"column":23}},"loc":{"start":{"line":36,"column":78},"end":{"line":38,"column":3}},"line":36},"3":{"name":"handleSubmit","decl":{"start":{"line":40,"column":11},"end":{"line":40,"column":23}},"loc":{"start":{"line":40,"column":38},"end":{"line":43,"column":3}},"line":40},"4":{"name":"(anonymous_4)","decl":{"start":{"line":78,"column":27},"end":{"line":78,"column":28}},"loc":{"start":{"line":79,"column":14},"end":{"line":81,"column":23}},"line":79},"5":{"name":"(anonymous_5)","decl":{"start":{"line":89,"column":23},"end":{"line":89,"column":24}},"loc":{"start":{"line":89,"column":67},"end":{"line":93,"column":15}},"line":89}},"branchMap":{"0":{"loc":{"start":{"line":29,"column":4},"end":{"line":31,"column":5}},"type":"if","locations":[{"start":{"line":29,"column":4},"end":{"line":31,"column":5}},{"start":{},"end":{}}],"line":29},"1":{"loc":{"start":{"line":29,"column":8},"end":{"line":29,"column":22}},"type":"binary-expr","locations":[{"start":{"line":29,"column":8},"end":{"line":29,"column":14}},{"start":{"line":29,"column":18},"end":{"line":29,"column":22}}],"line":29},"2":{"loc":{"start":{"line":34,"column":2},"end":{"line":34,"column":27}},"type":"if","locations":[{"start":{"line":34,"column":2},"end":{"line":34,"column":27}},{"start":{},"end":{}}],"line":34},"3":{"loc":{"start":{"line":100,"column":24},"end":{"line":100,"column":61}},"type":"binary-expr","locations":[{"start":{"line":100,"column":24},"end":{"line":100,"column":42}},{"start":{"line":100,"column":46},"end":{"line":100,"column":61}}],"line":100}},"s":{"0":1,"1":1,"2":0,"3":0,"4":0,"5":0,"6":0,"7":0,"8":0,"9":0,"10":0,"11":0,"12":0,"13":0,"14":0,"15":0},"f":{"0":0,"1":0,"2":0,"3":0,"4":0,"5":0},"b":{"0":[0,0],"1":[0,0],"2":[0,0],"3":[0,0]},"_coverageSchema":"1a1c01bbd47fc00a2c39e90264f33305004495a9","hash":"5d0ca97fc1be7b8a455ccd6093a1d58917ba5cf5"}
,"C:\\Users\\blue\\sistema-manutencao\\src\\features\\users\\components\\Skeleton\\UserListSkeleton.tsx": {"path":"C:\\Users\\blue\\sistema-manutencao\\src\\features\\users\\components\\Skeleton\\UserListSkeleton.tsx","statementMap":{"0":{"start":{"line":3,"column":25},"end":{"line":40,"column":1}},"1":{"start":{"line":5,"column":23},"end":{"line":5,"column":48}},"2":{"start":{"line":7,"column":2},"end":{"line":39,"column":4}},"3":{"start":{"line":19,"column":10},"end":{"line":35,"column":15}}},"fnMap":{"0":{"name":"(anonymous_0)","decl":{"start":{"line":3,"column":25},"end":{"line":3,"column":26}},"loc":{"start":{"line":3,"column":31},"end":{"line":40,"column":1}},"line":3},"1":{"name":"(anonymous_1)","decl":{"start":{"line":18,"column":26},"end":{"line":18,"column":27}},"loc":{"start":{"line":19,"column":10},"end":{"line":35,"column":15}},"line":19}},"branchMap":{},"s":{"0":1,"1":0,"2":0,"3":0},"f":{"0":0,"1":0},"b":{},"_coverageSchema":"1a1c01bbd47fc00a2c39e90264f33305004495a9","hash":"b5d024fcfb72c51e651511f628b3314e2ae9fb22"}
,"C:\\Users\\blue\\sistema-manutencao\\src\\features\\users\\store\\userStore.ts": {"path":"C:\\Users\\blue\\sistema-manutencao\\src\\features\\users\\store\\userStore.ts","statementMap":{"0":{"start":{"line":12,"column":28},"end":{"line":20,"column":3}},"1":{"start":{"line":12,"column":56},"end":{"line":20,"column":1}},"2":{"start":{"line":18,"column":24},"end":{"line":18,"column":62}},"3":{"start":{"line":19,"column":28},"end":{"line":19,"column":54}}},"fnMap":{"0":{"name":"(anonymous_0)","decl":{"start":{"line":12,"column":46},"end":{"line":12,"column":47}},"loc":{"start":{"line":12,"column":56},"end":{"line":20,"column":1}},"line":12},"1":{"name":"(anonymous_1)","decl":{"start":{"line":18,"column":13},"end":{"line":18,"column":14}},"loc":{"start":{"line":18,"column":24},"end":{"line":18,"column":62}},"line":18},"2":{"name":"(anonymous_2)","decl":{"start":{"line":19,"column":18},"end":{"line":19,"column":19}},"loc":{"start":{"line":19,"column":28},"end":{"line":19,"column":54}},"line":19}},"branchMap":{},"s":{"0":1,"1":1,"2":0,"3":0},"f":{"0":1,"1":0,"2":0},"b":{},"_coverageSchema":"1a1c01bbd47fc00a2c39e90264f33305004495a9","hash":"4363456f3bf515cc432e610ca2ed9caa40c86706"}
,"C:\\Users\\blue\\sistema-manutencao\\src\\hooks\\useAuth.ts": {"path":"C:\\Users\\blue\\sistema-manutencao\\src\\hooks\\useAuth.ts","statementMap":{"0":{"start":{"line":4,"column":34},"end":{"line":4,"column":48}},"1":{"start":{"line":6,"column":26},"end":{"line":6,"column":32}},"2":{"start":{"line":7,"column":20},"end":{"line":7,"column":44}},"3":{"start":{"line":8,"column":23},"end":{"line":8,"column":50}},"4":{"start":{"line":9,"column":23},"end":{"line":9,"column":50}},"5":{"start":{"line":11,"column":2},"end":{"line":19,"column":4}}},"fnMap":{"0":{"name":"useAuth","decl":{"start":{"line":3,"column":16},"end":{"line":3,"column":23}},"loc":{"start":{"line":3,"column":26},"end":{"line":20,"column":1}},"line":3}},"branchMap":{},"s":{"0":53,"1":53,"2":53,"3":53,"4":53,"5":53},"f":{"0":53},"b":{},"_coverageSchema":"1a1c01bbd47fc00a2c39e90264f33305004495a9","hash":"4cf531b0e80a2da3958a9b3816208c2bcac84b71"}
,"C:\\Users\\blue\\sistema-manutencao\\src\\lib\\api.ts": {"path":"C:\\Users\\blue\\sistema-manutencao\\src\\lib\\api.ts","statementMap":{"0":{"start":{"line":4,"column":19},"end":{"line":9,"column":2}}},"fnMap":{},"branchMap":{},"s":{"0":4},"f":{},"b":{},"_coverageSchema":"1a1c01bbd47fc00a2c39e90264f33305004495a9","hash":"2ea1eb958d21158a8b10fe54dbda36cd2fcb8391"}
,"C:\\Users\\blue\\sistema-manutencao\\src\\store\\authStore.ts": {"path":"C:\\Users\\blue\\sistema-manutencao\\src\\store\\authStore.ts","statementMap":{"0":{"start":{"line":11,"column":28},"end":{"line":22,"column":1}},"1":{"start":{"line":13,"column":14},"end":{"line":17,"column":5}},"2":{"start":{"line":15,"column":23},"end":{"line":15,"column":36}},"3":{"start":{"line":16,"column":20},"end":{"line":16,"column":39}}},"fnMap":{"0":{"name":"(anonymous_0)","decl":{"start":{"line":13,"column":4},"end":{"line":13,"column":5}},"loc":{"start":{"line":13,"column":14},"end":{"line":17,"column":5}},"line":13},"1":{"name":"(anonymous_1)","decl":{"start":{"line":15,"column":13},"end":{"line":15,"column":14}},"loc":{"start":{"line":15,"column":23},"end":{"line":15,"column":36}},"line":15},"2":{"name":"(anonymous_2)","decl":{"start":{"line":16,"column":14},"end":{"line":16,"column":15}},"loc":{"start":{"line":16,"column":20},"end":{"line":16,"column":39}},"line":16}},"branchMap":{},"s":{"0":2,"1":2,"2":1,"3":2},"f":{"0":2,"1":1,"2":2},"b":{},"_coverageSchema":"1a1c01bbd47fc00a2c39e90264f33305004495a9","hash":"a5159c150f12b62bb7cc110ceb09bbf473d640c2"}
}
