TN:
SF:src\components\FilterBar\GenericFilterBar.tsx
FN:12,(anonymous_0)
FN:26,(anonymous_1)
FNF:2
FNH:1
FNDA:4,(anonymous_0)
FNDA:0,(anonymous_1)
DA:12,3
DA:20,4
DA:26,0
LF:3
LH:2
BRDA:15,0,0,0
BRDA:18,1,0,4
BRF:2
BRH:1
end_of_record
TN:
SF:src\components\Layout\Sidebar.tsx
FN:9,Sidebar
FN:28,(anonymous_1)
FNF:2
FNH:2
FNDA:2,Sidebar
FNDA:4,(anonymous_1)
DA:10,2
DA:11,2
DA:12,2
DA:14,2
DA:15,2
DA:17,2
DA:19,2
DA:29,4
LF:8
LH:8
BRDA:14,0,0,2
BRDA:14,0,1,0
BRDA:15,1,0,2
BRDA:15,1,1,0
BRDA:22,2,0,2
BRDA:22,2,1,0
BRDA:33,3,0,4
BRDA:33,3,1,0
BRF:8
BRH:4
end_of_record
TN:
SF:src\components\Pagination\Pagination.tsx
FN:10,(anonymous_0)
FN:17,(anonymous_1)
FN:19,(anonymous_2)
FN:23,(anonymous_3)
FN:39,(anonymous_4)
FN:42,(anonymous_5)
FNF:6
FNH:3
FNDA:4,(anonymous_0)
FNDA:1,(anonymous_1)
FNDA:0,(anonymous_2)
FNDA:0,(anonymous_3)
FNDA:1,(anonymous_4)
FNDA:0,(anonymous_5)
DA:10,4
DA:16,4
DA:17,4
DA:19,4
DA:20,0
DA:23,4
DA:24,0
DA:27,4
DA:40,1
DA:42,0
LF:10
LH:7
BRDA:20,0,0,0
BRDA:20,0,1,0
BRDA:24,1,0,0
BRDA:24,1,1,0
BRDA:43,2,0,1
BRDA:43,2,1,0
BRDA:44,3,0,1
BRDA:44,3,1,0
BRF:8
BRH:2
end_of_record
TN:
SF:src\components\Spinner\Spinner.tsx
FN:9,(anonymous_0)
FNF:1
FNH:1
FNDA:3,(anonymous_0)
DA:9,1
DA:13,3
LF:2
LH:2
BRDA:10,0,0,0
BRDA:11,1,0,0
BRF:2
BRH:0
end_of_record
TN:
SF:src\features\auth\api\loginRequest.ts
FN:13,loginRequest
FNF:1
FNH:0
FNDA:0,loginRequest
DA:17,0
DA:21,0
DA:23,0
DA:24,0
LF:4
LH:0
BRDA:21,0,0,0
BRDA:21,0,1,0
BRF:2
BRH:0
end_of_record
TN:
SF:src\features\auth\components\LoginForm.tsx
FN:5,LoginForm
FN:26,(anonymous_1)
FN:39,(anonymous_2)
FNF:3
FNH:3
FNDA:53,LoginForm
FNDA:31,(anonymous_1)
FNDA:15,(anonymous_2)
DA:15,53
DA:17,53
DA:27,31
DA:28,31
DA:40,15
DA:41,15
LF:6
LH:6
BRDA:20,0,0,53
BRDA:20,0,1,1
BRDA:28,1,0,0
BRDA:28,1,1,31
BRDA:41,2,0,0
BRDA:41,2,1,15
BRDA:54,3,0,3
BRDA:54,3,1,50
BRF:8
BRH:6
end_of_record
TN:
SF:src\features\auth\hooks\useLogin.ts
FN:6,useLogin
FN:13,(anonymous_1)
FNF:2
FNH:2
FNDA:53,useLogin
FNDA:2,(anonymous_1)
DA:7,53
DA:8,53
DA:9,53
DA:10,53
DA:11,53
DA:13,53
DA:14,2
DA:15,2
DA:16,2
DA:18,2
DA:19,2
DA:20,1
DA:21,1
DA:23,1
DA:24,1
DA:25,1
DA:27,2
DA:31,53
LF:18
LH:18
BRF:0
BRH:0
end_of_record
TN:
SF:src\features\called\components\MaintenanceList.tsx
FN:13,(anonymous_0)
FN:14,(anonymous_1)
FN:33,(anonymous_2)
FN:41,(anonymous_3)
FN:46,(anonymous_4)
FN:51,(anonymous_5)
FN:53,(anonymous_6)
FN:57,(anonymous_7)
FN:63,(anonymous_8)
FN:65,(anonymous_9)
FN:73,(anonymous_10)
FN:87,(anonymous_11)
FN:105,(anonymous_12)
FN:110,(anonymous_13)
FNF:14
FNH:7
FNDA:3,(anonymous_0)
FNDA:9,(anonymous_1)
FNDA:3,(anonymous_2)
FNDA:0,(anonymous_3)
FNDA:0,(anonymous_4)
FNDA:0,(anonymous_5)
FNDA:0,(anonymous_6)
FNDA:0,(anonymous_7)
FNDA:3,(anonymous_8)
FNDA:4,(anonymous_9)
FNDA:5,(anonymous_10)
FNDA:3,(anonymous_11)
FNDA:0,(anonymous_12)
FNDA:0,(anonymous_13)
DA:13,1
DA:14,9
DA:15,3
DA:17,3
DA:22,3
DA:24,3
DA:25,3
DA:27,3
DA:28,3
DA:31,3
DA:33,3
DA:34,3
DA:41,3
DA:42,0
DA:43,0
DA:46,3
DA:47,0
DA:48,0
DA:51,3
DA:52,0
DA:54,0
DA:55,0
DA:58,0
DA:63,3
DA:64,3
DA:65,4
DA:66,3
DA:69,3
DA:70,1
DA:74,5
DA:81,2
DA:88,3
DA:106,0
DA:111,0
DA:112,0
LF:35
LH:24
BRDA:17,0,0,0
BRDA:31,1,0,0
BRDA:31,1,1,3
BRDA:35,2,0,3
BRDA:35,2,1,0
BRDA:35,2,2,3
BRDA:35,2,3,0
BRDA:35,2,4,3
BRDA:35,2,5,0
BRDA:64,3,0,0
BRDA:64,3,1,3
BRDA:66,4,0,3
BRDA:66,4,1,0
BRDA:69,5,0,1
BRDA:69,5,1,2
BRDA:83,6,0,1
BRDA:83,6,1,1
BRDA:93,7,0,0
BRDA:93,7,1,3
BRDA:98,8,0,1
BRDA:98,8,1,2
BRDA:100,9,0,1
BRDA:100,9,1,1
BRDA:106,10,0,0
BRDA:106,10,1,0
BRDA:108,11,0,0
BRDA:108,11,1,3
BRDA:109,12,0,0
BRDA:109,12,1,3
BRDA:111,13,0,0
BRDA:111,13,1,0
BRDA:111,14,0,0
BRDA:111,14,1,0
BRDA:111,14,2,0
BRDA:120,15,0,1
BRDA:120,15,1,2
BRDA:122,16,0,1
BRDA:122,16,1,1
BRDA:127,17,0,1
BRDA:127,17,1,2
BRDA:129,18,0,1
BRDA:129,18,1,1
BRDA:136,19,0,0
BRDA:136,19,1,3
BRDA:139,20,0,0
BRDA:139,20,1,3
BRDA:144,21,0,3
BRDA:144,21,1,1
BRDA:144,21,2,0
BRDA:157,22,0,2
BRDA:157,22,1,2
BRDA:157,22,2,0
BRDA:157,22,3,0
BRF:53
BRH:31
end_of_record
TN:
SF:src\features\called\components\MaintenanceAgentEditModal\MaintenanceAgentEditModal.tsx
FN:11,MaintenanceAgentEditModal
FN:32,(anonymous_1)
FN:68,(anonymous_2)
FN:82,(anonymous_3)
FN:92,(anonymous_4)
FN:99,(anonymous_5)
FN:105,(anonymous_6)
FN:113,(anonymous_7)
FN:122,(anonymous_8)
FNF:9
FNH:0
FNDA:0,MaintenanceAgentEditModal
FNDA:0,(anonymous_1)
FNDA:0,(anonymous_2)
FNDA:0,(anonymous_3)
FNDA:0,(anonymous_4)
FNDA:0,(anonymous_5)
FNDA:0,(anonymous_6)
FNDA:0,(anonymous_7)
FNDA:0,(anonymous_8)
DA:30,0
DA:32,0
DA:33,0
DA:35,0
DA:44,0
DA:68,0
DA:82,0
DA:92,0
DA:100,0
DA:105,0
DA:114,0
DA:122,0
LF:12
LH:0
BRDA:33,0,0,0
BRDA:33,0,1,0
BRDA:38,1,0,0
BRDA:38,1,1,0
BRDA:39,2,0,0
BRDA:39,2,1,0
BRDA:40,3,0,0
BRDA:40,3,1,0
BRDA:75,4,0,0
BRDA:75,4,1,0
BRDA:81,5,0,0
BRDA:81,5,1,0
BRDA:84,6,0,0
BRDA:84,6,1,0
BRDA:94,7,0,0
BRDA:94,7,1,0
BRDA:118,8,0,0
BRDA:118,8,1,0
BRDA:130,9,0,0
BRDA:130,9,1,0
BRF:20
BRH:0
end_of_record
TN:
SF:src\features\called\components\Skeleton\SkeletonItem.tsx
FN:3,(anonymous_0)
FNF:1
FNH:1
FNDA:5,(anonymous_0)
DA:3,1
DA:4,5
LF:2
LH:2
BRF:0
BRH:0
end_of_record
TN:
SF:src\features\called\hooks\useEditMaintenanceForm.ts
FN:8,(anonymous_0)
FN:28,(anonymous_1)
FN:32,(anonymous_2)
FN:33,(anonymous_3)
FN:36,(anonymous_4)
FN:42,(anonymous_5)
FN:48,(anonymous_6)
FN:59,(anonymous_7)
FNF:8
FNH:0
FNDA:0,(anonymous_0)
FNDA:0,(anonymous_1)
FNDA:0,(anonymous_2)
FNDA:0,(anonymous_3)
FNDA:0,(anonymous_4)
FNDA:0,(anonymous_5)
FNDA:0,(anonymous_6)
FNDA:0,(anonymous_7)
DA:8,1
DA:9,0
DA:10,0
DA:13,0
DA:16,0
DA:22,0
DA:28,0
DA:29,0
DA:32,0
DA:33,0
DA:36,0
DA:37,0
DA:38,0
DA:39,0
DA:42,0
DA:43,0
DA:44,0
DA:45,0
DA:48,0
DA:49,0
DA:51,0
DA:52,0
DA:53,0
DA:55,0
DA:56,0
DA:58,0
DA:59,0
DA:61,0
DA:62,0
DA:67,0
DA:68,0
DA:71,0
LF:32
LH:1
BRDA:11,0,0,0
BRDA:11,0,1,0
BRDA:14,1,0,0
BRDA:14,1,1,0
BRDA:17,2,0,0
BRDA:17,2,1,0
BRDA:51,3,0,0
BRDA:51,3,1,0
BRDA:52,4,0,0
BRDA:52,4,1,0
BRDA:55,5,0,0
BRDA:55,5,1,0
BRDA:59,6,0,0
BRDA:59,6,1,0
BRDA:61,7,0,0
BRDA:61,7,1,0
BRF:16
BRH:0
end_of_record
TN:
SF:src\features\called\store\useMaintenanceStore.ts
FN:24,(anonymous_0)
FN:29,(anonymous_1)
FN:30,(anonymous_2)
FN:31,(anonymous_3)
FN:32,(anonymous_4)
FN:37,(anonymous_5)
FN:38,(anonymous_6)
FN:39,(anonymous_7)
FN:42,(anonymous_8)
FN:43,(anonymous_9)
FN:44,(anonymous_10)
FNF:11
FNH:1
FNDA:1,(anonymous_0)
FNDA:0,(anonymous_1)
FNDA:0,(anonymous_2)
FNDA:0,(anonymous_3)
FNDA:0,(anonymous_4)
FNDA:0,(anonymous_5)
FNDA:0,(anonymous_6)
FNDA:0,(anonymous_7)
FNDA:0,(anonymous_8)
FNDA:0,(anonymous_9)
FNDA:0,(anonymous_10)
DA:24,1
DA:29,0
DA:30,0
DA:31,0
DA:33,0
DA:37,0
DA:39,0
DA:43,0
DA:45,0
LF:9
LH:1
BRDA:45,0,0,0
BRDA:45,0,1,0
BRF:2
BRH:0
end_of_record
TN:
SF:src\features\dashboard\components\ContentDash.tsx
FN:11,(anonymous_0)
FNF:1
FNH:1
FNDA:1,(anonymous_0)
DA:9,1
DA:11,1
DA:13,1
DA:15,1
DA:16,1
DA:18,1
DA:19,0
DA:22,1
LF:8
LH:7
BRDA:18,0,0,0
BRDA:18,0,1,1
BRDA:61,1,0,1
BRDA:61,1,1,0
BRDA:62,2,0,1
BRDA:62,2,1,0
BRDA:63,3,0,1
BRDA:63,3,1,0
BRF:8
BRH:4
end_of_record
TN:
SF:src\features\dashboard\components\BarChartComponent\BarChartComponent.tsx
FN:19,(anonymous_0)
FNF:1
FNH:1
FNDA:2,(anonymous_0)
DA:19,1
DA:26,2
LF:2
LH:2
BRF:0
BRH:0
end_of_record
TN:
SF:src\features\dashboard\components\Skeleton\Skeleton.tsx
FN:3,(anonymous_0)
FNF:1
FNH:0
FNDA:0,(anonymous_0)
DA:3,1
DA:4,0
LF:2
LH:1
BRF:0
BRH:0
end_of_record
TN:
SF:src\features\equipment\components\Equipment.tsx
FN:16,(anonymous_0)
FN:43,(anonymous_1)
FN:49,(anonymous_2)
FN:51,(anonymous_3)
FN:58,(anonymous_4)
FN:58,(anonymous_5)
FN:63,(anonymous_6)
FN:63,(anonymous_7)
FN:68,(anonymous_8)
FN:70,(anonymous_9)
FN:131,(anonymous_10)
FN:156,(anonymous_11)
FNF:12
FNH:3
FNDA:1,(anonymous_0)
FNDA:0,(anonymous_1)
FNDA:1,(anonymous_2)
FNDA:0,(anonymous_3)
FNDA:0,(anonymous_4)
FNDA:0,(anonymous_5)
FNDA:0,(anonymous_6)
FNDA:0,(anonymous_7)
FNDA:1,(anonymous_8)
FNDA:0,(anonymous_9)
FNDA:0,(anonymous_10)
FNDA:0,(anonymous_11)
DA:16,1
DA:24,1
DA:36,1
DA:38,1
DA:40,1
DA:41,1
DA:43,1
DA:44,0
DA:45,0
DA:46,0
DA:49,1
DA:50,1
DA:51,1
DA:52,0
DA:54,1
DA:57,1
DA:58,0
DA:62,1
DA:63,0
DA:67,1
DA:69,1
DA:71,0
DA:119,1
DA:121,1
DA:131,0
DA:157,0
LF:26
LH:17
BRDA:38,0,0,1
BRDA:44,1,0,0
BRDA:44,1,1,0
BRDA:84,2,0,0
BRDA:84,2,1,0
BRDA:88,3,0,0
BRDA:88,3,1,0
BRDA:119,4,0,0
BRDA:119,4,1,1
BRDA:139,5,0,1
BRDA:139,5,1,1
BRDA:160,6,0,0
BRDA:160,6,1,0
BRDA:161,7,0,0
BRDA:161,7,1,0
BRF:15
BRH:4
end_of_record
TN:
SF:src\features\equipment\components\ConfirmModal\ConfirmModal.tsx
FN:12,(anonymous_0)
FN:22,(anonymous_1)
FN:29,(anonymous_2)
FN:30,(anonymous_3)
FN:37,(anonymous_4)
FNF:5
FNH:3
FNDA:1,(anonymous_0)
FNDA:1,(anonymous_1)
FNDA:1,(anonymous_2)
FNDA:0,(anonymous_3)
FNDA:0,(anonymous_4)
DA:12,1
DA:19,1
DA:22,1
DA:23,1
DA:24,0
DA:29,1
DA:30,1
DA:31,0
DA:32,0
DA:35,1
DA:36,0
DA:37,0
DA:41,1
DA:43,0
LF:14
LH:8
BRDA:14,0,0,0
BRDA:23,1,0,0
BRDA:23,1,1,1
BRDA:31,2,0,0
BRDA:31,2,1,0
BRDA:35,3,0,0
BRDA:35,3,1,1
BRDA:41,4,0,1
BRDA:41,4,1,0
BRF:9
BRH:3
end_of_record
TN:
SF:src\features\equipment\components\EditModal\EditEquipmentModal.tsx
FN:33,EditEquipmentModal
FN:50,(anonymous_1)
FN:65,(anonymous_2)
FN:66,onKeyDown
FN:73,(anonymous_4)
FN:78,(anonymous_5)
FN:82,(anonymous_6)
FN:91,(anonymous_7)
FN:168,(anonymous_8)
FNF:9
FNH:3
FNDA:2,EditEquipmentModal
FNDA:1,(anonymous_1)
FNDA:1,(anonymous_2)
FNDA:0,onKeyDown
FNDA:0,(anonymous_4)
FNDA:0,(anonymous_5)
FNDA:0,(anonymous_6)
FNDA:0,(anonymous_7)
FNDA:0,(anonymous_8)
DA:40,2
DA:50,2
DA:51,1
DA:53,1
DA:65,2
DA:67,0
DA:68,0
DA:71,1
DA:72,0
DA:73,0
DA:77,2
DA:81,0
DA:82,0
DA:90,2
DA:92,0
DA:94,0
DA:99,0
DA:102,0
DA:105,0
DA:110,2
DA:112,0
DA:169,0
LF:22
LH:9
BRDA:51,0,0,0
BRDA:51,0,1,1
BRDA:67,1,0,0
BRDA:67,1,1,0
BRDA:71,2,0,0
BRDA:71,2,1,1
BRDA:84,3,0,0
BRDA:84,3,1,0
BRDA:94,4,0,0
BRDA:94,4,1,0
BRDA:95,5,0,0
BRDA:95,5,1,0
BRDA:95,5,2,0
BRDA:110,6,0,2
BRDA:110,6,1,0
BRDA:154,7,0,0
BRDA:154,7,1,0
BRDA:182,8,0,0
BRDA:182,8,1,0
BRDA:192,9,0,0
BRDA:192,9,1,0
BRF:21
BRH:3
end_of_record
TN:
SF:src\features\equipment\components\Skeleton\EquipmentListSkeleton.tsx
FN:3,(anonymous_0)
FN:18,(anonymous_1)
FNF:2
FNH:0
FNDA:0,(anonymous_0)
FNDA:0,(anonymous_1)
DA:3,1
DA:4,0
DA:6,0
DA:19,0
LF:4
LH:1
BRF:0
BRH:0
end_of_record
TN:
SF:src\features\equipment\store\useEquipmentStore.ts
FN:12,(anonymous_0)
FN:17,(anonymous_1)
FN:18,(anonymous_2)
FNF:3
FNH:1
FNDA:1,(anonymous_0)
FNDA:0,(anonymous_1)
FNDA:0,(anonymous_2)
DA:12,1
DA:17,0
DA:18,0
LF:3
LH:1
BRF:0
BRH:0
end_of_record
TN:
SF:src\features\history\components\MaintenanceHistory.tsx
FN:8,(anonymous_0)
FN:23,(anonymous_1)
FN:29,(anonymous_2)
FN:79,(anonymous_3)
FNF:4
FNH:2
FNDA:1,(anonymous_0)
FNDA:1,(anonymous_1)
FNDA:0,(anonymous_2)
FNDA:0,(anonymous_3)
DA:8,1
DA:16,1
DA:19,1
DA:21,1
DA:23,1
DA:24,1
DA:30,0
DA:57,1
DA:80,0
LF:9
LH:7
BRDA:21,0,0,0
BRDA:21,0,1,1
BRDA:61,1,0,1
BRDA:61,1,1,1
BRF:4
BRH:3
end_of_record
TN:
SF:src\features\history\components\MaintenanceFilter\MaintenanceFilter.tsx
FN:9,(anonymous_0)
FN:12,(anonymous_1)
FN:28,(anonymous_2)
FNF:3
FNH:1
FNDA:1,(anonymous_0)
FNDA:0,(anonymous_1)
FNDA:0,(anonymous_2)
DA:9,1
DA:10,1
DA:12,1
DA:14,1
DA:28,0
LF:5
LH:4
BRF:0
BRH:0
end_of_record
TN:
SF:src\features\history\components\Skeleton\MaintenanceHistorySkeleton.tsx
FN:3,(anonymous_0)
FN:23,(anonymous_1)
FN:25,(anonymous_2)
FNF:3
FNH:0
FNDA:0,(anonymous_0)
FNDA:0,(anonymous_1)
FNDA:0,(anonymous_2)
DA:3,1
DA:5,0
DA:7,0
DA:24,0
DA:26,0
LF:5
LH:1
BRF:0
BRH:0
end_of_record
TN:
SF:src\features\history\hooks\useMaintenanceFormatters.ts
FN:15,useMaintenanceFormatters
FN:16,(anonymous_1)
FN:21,(anonymous_2)
FN:24,(anonymous_3)
FN:27,(anonymous_4)
FN:28,(anonymous_5)
FN:35,(anonymous_6)
FN:46,(anonymous_7)
FN:47,(anonymous_8)
FNF:9
FNH:2
FNDA:1,useMaintenanceFormatters
FNDA:0,(anonymous_1)
FNDA:0,(anonymous_2)
FNDA:0,(anonymous_3)
FNDA:1,(anonymous_4)
FNDA:0,(anonymous_5)
FNDA:0,(anonymous_6)
FNDA:0,(anonymous_7)
FNDA:0,(anonymous_8)
DA:4,1
DA:10,1
DA:16,1
DA:17,0
DA:18,0
DA:21,1
DA:22,0
DA:24,1
DA:25,0
DA:27,1
DA:28,1
DA:29,0
DA:30,0
DA:31,0
DA:34,0
DA:35,0
DA:44,0
DA:47,0
DA:51,0
DA:52,0
DA:53,0
DA:54,0
DA:55,0
DA:56,0
DA:57,0
DA:61,1
LF:26
LH:8
BRDA:15,0,0,0
BRDA:17,1,0,0
BRDA:17,1,1,0
BRDA:22,2,0,0
BRDA:22,2,1,0
BRDA:25,3,0,0
BRDA:25,3,1,0
BRDA:29,4,0,0
BRDA:29,4,1,0
BRF:9
BRH:0
end_of_record
TN:
SF:src\features\history\store\useMaintenance.ts
FN:12,(anonymous_0)
FN:18,(anonymous_1)
FN:19,(anonymous_2)
FNF:3
FNH:1
FNDA:1,(anonymous_0)
FNDA:0,(anonymous_1)
FNDA:0,(anonymous_2)
DA:12,1
DA:18,0
DA:19,0
LF:3
LH:1
BRF:0
BRH:0
end_of_record
TN:
SF:src\features\sectors\api\sectors.ts
FN:4,(anonymous_0)
FN:9,(anonymous_1)
FN:14,(anonymous_2)
FN:19,(anonymous_3)
FNF:4
FNH:1
FNDA:1,(anonymous_0)
FNDA:0,(anonymous_1)
FNDA:0,(anonymous_2)
FNDA:0,(anonymous_3)
DA:4,3
DA:5,1
DA:6,0
DA:9,3
DA:10,0
DA:11,0
DA:14,3
DA:15,0
DA:16,0
DA:19,3
DA:20,0
LF:11
LH:5
BRF:0
BRH:0
end_of_record
TN:
SF:src\features\sectors\components\SectorList.tsx
FN:14,(anonymous_0)
FN:45,(anonymous_1)
FN:47,(anonymous_2)
FN:58,(anonymous_3)
FN:65,(anonymous_4)
FN:105,(anonymous_5)
FN:112,(anonymous_6)
FN:119,(anonymous_7)
FNF:8
FNH:4
FNDA:2,(anonymous_0)
FNDA:1,(anonymous_1)
FNDA:1,(anonymous_2)
FNDA:0,(anonymous_3)
FNDA:0,(anonymous_4)
FNDA:1,(anonymous_5)
FNDA:0,(anonymous_6)
FNDA:0,(anonymous_7)
DA:14,1
DA:23,2
DA:35,2
DA:37,2
DA:39,2
DA:42,2
DA:45,2
DA:46,1
DA:48,1
DA:58,0
DA:65,0
DA:76,2
DA:106,1
DA:112,0
DA:119,0
LF:15
LH:11
BRDA:39,0,0,0
BRDA:39,0,1,2
BRDA:53,1,0,1
BRDA:53,1,1,0
BRDA:88,2,0,1
BRDA:88,2,1,1
BRDA:108,3,0,1
BRDA:108,3,1,0
BRDA:141,4,0,2
BRDA:141,4,1,0
BRDA:141,4,2,0
BRDA:149,5,0,2
BRDA:149,5,1,0
BRDA:149,5,2,0
BRF:14
BRH:7
end_of_record
TN:
SF:src\features\sectors\components\CreateForm\CreateSectorForm.tsx
FN:8,(anonymous_0)
FN:15,(anonymous_1)
FN:41,(anonymous_2)
FN:54,(anonymous_3)
FNF:4
FNH:1
FNDA:2,(anonymous_0)
FNDA:0,(anonymous_1)
FNDA:0,(anonymous_2)
FNDA:0,(anonymous_3)
DA:8,1
DA:9,2
DA:10,2
DA:11,2
DA:13,2
DA:15,2
DA:16,0
DA:18,0
DA:19,0
DA:20,0
DA:21,0
DA:24,0
DA:25,0
DA:26,0
DA:27,0
DA:30,2
DA:41,0
DA:54,0
LF:18
LH:7
BRDA:18,0,0,0
BRDA:18,0,1,0
BRDA:25,1,0,0
BRDA:25,1,1,0
BRDA:65,2,0,2
BRDA:65,2,1,0
BRF:6
BRH:1
end_of_record
TN:
SF:src\features\sectors\components\DeleteModal\DeleteSectorModal.tsx
FN:12,(anonymous_0)
FN:22,(anonymous_1)
FN:29,(anonymous_2)
FN:30,(anonymous_3)
FN:38,(anonymous_4)
FNF:5
FNH:0
FNDA:0,(anonymous_0)
FNDA:0,(anonymous_1)
FNDA:0,(anonymous_2)
FNDA:0,(anonymous_3)
FNDA:0,(anonymous_4)
DA:12,1
DA:19,0
DA:22,0
DA:23,0
DA:24,0
DA:29,0
DA:30,0
DA:31,0
DA:32,0
DA:36,0
DA:37,0
DA:38,0
DA:42,0
DA:44,0
LF:14
LH:1
BRDA:14,0,0,0
BRDA:23,1,0,0
BRDA:23,1,1,0
BRDA:23,2,0,0
BRDA:23,2,1,0
BRDA:31,3,0,0
BRDA:31,3,1,0
BRDA:36,4,0,0
BRDA:36,4,1,0
BRDA:42,5,0,0
BRDA:42,5,1,0
BRF:11
BRH:0
end_of_record
TN:
SF:src\features\sectors\components\EditModal\EditSectorModal.tsx
FN:11,(anonymous_0)
FN:18,(anonymous_1)
FN:23,(anonymous_2)
FN:24,(anonymous_3)
FN:30,(anonymous_4)
FN:33,(anonymous_5)
FN:37,(anonymous_6)
FN:40,(anonymous_7)
FNF:8
FNH:0
FNDA:0,(anonymous_0)
FNDA:0,(anonymous_1)
FNDA:0,(anonymous_2)
FNDA:0,(anonymous_3)
FNDA:0,(anonymous_4)
FNDA:0,(anonymous_5)
FNDA:0,(anonymous_6)
FNDA:0,(anonymous_7)
DA:11,1
DA:16,0
DA:18,0
DA:19,0
DA:23,0
DA:24,0
DA:25,0
DA:26,0
DA:29,0
DA:30,0
DA:33,0
DA:36,0
DA:37,0
DA:40,0
DA:41,0
DA:43,0
DA:44,0
DA:45,0
DA:48,0
DA:51,0
LF:20
LH:1
BRDA:25,0,0,0
BRDA:25,0,1,0
BRDA:43,1,0,0
BRDA:43,1,1,0
BRDA:79,2,0,0
BRDA:79,2,1,0
BRF:6
BRH:0
end_of_record
TN:
SF:src\features\sectors\components\Skeleton\Skeleton.tsx
FN:3,(anonymous_0)
FN:17,(anonymous_1)
FNF:2
FNH:0
FNDA:0,(anonymous_0)
FNDA:0,(anonymous_1)
DA:3,1
DA:5,0
DA:7,0
DA:18,0
LF:4
LH:1
BRF:0
BRH:0
end_of_record
TN:
SF:src\features\sectors\hooks\useSectors.ts
FN:9,(anonymous_0)
FN:13,(anonymous_1)
FN:16,(anonymous_2)
FN:22,(anonymous_3)
FN:25,(anonymous_4)
FN:31,(anonymous_5)
FN:34,(anonymous_6)
FNF:7
FNH:1
FNDA:1,(anonymous_0)
FNDA:0,(anonymous_1)
FNDA:0,(anonymous_2)
FNDA:0,(anonymous_3)
FNDA:0,(anonymous_4)
FNDA:0,(anonymous_5)
FNDA:0,(anonymous_6)
DA:9,1
DA:10,1
DA:13,1
DA:14,0
DA:15,0
DA:17,0
DA:22,1
DA:23,0
DA:24,0
DA:26,0
DA:31,1
DA:32,0
DA:33,0
DA:35,0
LF:14
LH:5
BRF:0
BRH:0
end_of_record
TN:
SF:src\features\sectors\store\useSectorActions.ts
FN:7,(anonymous_0)
FN:15,(anonymous_1)
FN:19,(anonymous_2)
FN:25,(anonymous_3)
FN:29,(anonymous_4)
FN:34,(anonymous_5)
FN:39,(anonymous_6)
FN:44,(anonymous_7)
FN:49,(anonymous_8)
FN:54,(anonymous_9)
FN:59,(anonymous_10)
FNF:11
FNH:0
FNDA:0,(anonymous_0)
FNDA:0,(anonymous_1)
FNDA:0,(anonymous_2)
FNDA:0,(anonymous_3)
FNDA:0,(anonymous_4)
FNDA:0,(anonymous_5)
FNDA:0,(anonymous_6)
FNDA:0,(anonymous_7)
FNDA:0,(anonymous_8)
FNDA:0,(anonymous_9)
FNDA:0,(anonymous_10)
DA:7,1
DA:8,0
DA:9,0
DA:10,0
DA:12,0
DA:14,0
DA:16,0
DA:17,0
DA:20,0
DA:24,0
DA:26,0
DA:27,0
DA:30,0
DA:34,0
DA:35,0
DA:36,0
DA:39,0
DA:40,0
DA:41,0
DA:44,0
DA:45,0
DA:46,0
DA:49,0
DA:50,0
DA:51,0
DA:54,0
DA:55,0
DA:56,0
DA:59,0
DA:60,0
DA:61,0
DA:62,0
DA:66,0
LF:33
LH:1
BRDA:60,0,0,0
BRDA:60,0,1,0
BRF:2
BRH:0
end_of_record
TN:
SF:src\features\sectors\store\useSectorStore.ts
FN:12,(anonymous_0)
FN:17,(anonymous_1)
FN:18,(anonymous_2)
FNF:3
FNH:1
FNDA:2,(anonymous_0)
FNDA:0,(anonymous_1)
FNDA:0,(anonymous_2)
DA:12,2
DA:17,0
DA:18,0
LF:3
LH:1
BRF:0
BRH:0
end_of_record
TN:
SF:src\features\sectors\store\useSectors.ts
FN:7,(anonymous_0)
FN:24,(anonymous_1)
FN:36,(anonymous_2)
FN:40,(anonymous_3)
FN:45,(anonymous_4)
FNF:5
FNH:0
FNDA:0,(anonymous_0)
FNDA:0,(anonymous_1)
FNDA:0,(anonymous_2)
FNDA:0,(anonymous_3)
FNDA:0,(anonymous_4)
DA:7,1
DA:9,0
DA:10,0
DA:16,0
DA:21,0
DA:24,0
DA:25,0
DA:28,0
DA:29,0
DA:30,0
DA:35,0
DA:37,0
DA:38,0
DA:41,0
DA:45,0
DA:46,0
DA:49,0
LF:17
LH:1
BRDA:24,0,0,0
BRDA:24,0,1,0
BRF:2
BRH:0
end_of_record
TN:
SF:src\features\users\components\UserList.tsx
FN:21,(anonymous_0)
FN:43,(anonymous_1)
FN:47,(anonymous_2)
FN:54,(anonymous_3)
FN:62,(anonymous_4)
FN:64,(anonymous_5)
FN:91,(anonymous_6)
FN:110,(anonymous_7)
FNF:8
FNH:2
FNDA:1,(anonymous_0)
FNDA:0,(anonymous_1)
FNDA:0,(anonymous_2)
FNDA:0,(anonymous_3)
FNDA:1,(anonymous_4)
FNDA:0,(anonymous_5)
FNDA:0,(anonymous_6)
FNDA:0,(anonymous_7)
DA:15,1
DA:21,1
DA:23,1
DA:35,1
DA:37,1
DA:38,1
DA:40,1
DA:43,1
DA:44,0
DA:47,0
DA:54,0
DA:62,1
DA:63,1
DA:65,0
DA:84,1
DA:91,0
DA:111,0
LF:17
LH:11
BRDA:40,0,0,0
BRDA:40,0,1,1
BRDA:74,1,0,0
BRDA:74,1,1,0
BRDA:97,2,0,1
BRDA:97,2,1,1
BRDA:115,3,0,0
BRDA:115,3,1,0
BRDA:142,4,0,1
BRDA:142,4,1,0
BRDA:142,4,2,0
BRF:11
BRH:4
end_of_record
TN:
SF:src\features\users\components\ConfirmModal\ConfirmModal.tsx
FN:12,(anonymous_0)
FN:21,(anonymous_1)
FN:24,(anonymous_2)
FN:34,(anonymous_3)
FNF:4
FNH:2
FNDA:1,(anonymous_0)
FNDA:1,(anonymous_1)
FNDA:0,(anonymous_2)
FNDA:0,(anonymous_3)
DA:12,1
DA:19,1
DA:21,1
DA:22,1
DA:24,0
DA:25,0
DA:26,0
DA:30,0
DA:32,0
DA:34,0
DA:37,1
DA:39,0
LF:12
LH:5
BRDA:14,0,0,1
BRDA:22,1,0,1
BRDA:22,1,1,0
BRDA:25,2,0,0
BRDA:25,2,1,0
BRDA:37,3,0,1
BRDA:37,3,1,0
BRF:7
BRH:3
end_of_record
TN:
SF:src\features\users\components\EditModal\EditUserModal.tsx
FN:20,EditUserModal
FN:28,(anonymous_1)
FN:36,handleChange
FN:40,handleSubmit
FN:78,(anonymous_4)
FN:89,(anonymous_5)
FNF:6
FNH:0
FNDA:0,EditUserModal
FNDA:0,(anonymous_1)
FNDA:0,handleChange
FNDA:0,handleSubmit
FNDA:0,(anonymous_4)
FNDA:0,(anonymous_5)
DA:12,1
DA:14,1
DA:21,0
DA:28,0
DA:29,0
DA:30,0
DA:34,0
DA:37,0
DA:41,0
DA:42,0
DA:45,0
DA:79,0
DA:90,0
DA:91,0
DA:92,0
LF:15
LH:2
BRDA:29,0,0,0
BRDA:29,0,1,0
BRDA:29,1,0,0
BRDA:29,1,1,0
BRDA:34,2,0,0
BRDA:34,2,1,0
BRDA:100,3,0,0
BRDA:100,3,1,0
BRF:8
BRH:0
end_of_record
TN:
SF:src\features\users\components\Skeleton\UserListSkeleton.tsx
FN:3,(anonymous_0)
FN:18,(anonymous_1)
FNF:2
FNH:0
FNDA:0,(anonymous_0)
FNDA:0,(anonymous_1)
DA:3,1
DA:5,0
DA:7,0
DA:19,0
LF:4
LH:1
BRF:0
BRH:0
end_of_record
TN:
SF:src\features\users\store\userStore.ts
FN:12,(anonymous_0)
FN:18,(anonymous_1)
FN:19,(anonymous_2)
FNF:3
FNH:1
FNDA:1,(anonymous_0)
FNDA:0,(anonymous_1)
FNDA:0,(anonymous_2)
DA:12,1
DA:18,0
DA:19,0
LF:3
LH:1
BRF:0
BRH:0
end_of_record
TN:
SF:src\hooks\useAuth.ts
FN:3,useAuth
FNF:1
FNH:1
FNDA:53,useAuth
DA:4,53
DA:6,53
DA:7,53
DA:8,53
DA:9,53
DA:11,53
LF:6
LH:6
BRF:0
BRH:0
end_of_record
TN:
SF:src\lib\api.ts
FNF:0
FNH:0
DA:4,4
LF:1
LH:1
BRF:0
BRH:0
end_of_record
TN:
SF:src\store\authStore.ts
FN:13,(anonymous_0)
FN:15,(anonymous_1)
FN:16,(anonymous_2)
FNF:3
FNH:3
FNDA:2,(anonymous_0)
FNDA:1,(anonymous_1)
FNDA:2,(anonymous_2)
DA:11,2
DA:13,2
DA:15,1
DA:16,2
LF:4
LH:4
BRF:0
BRH:0
end_of_record
